learning rate: 8e-6 treshold: 0.5 batch: 8 epochs: 4
Namespace(train_set=['data/CORE-corpus/train.tsv.gz', 'data/FinCORE_full/train.tsv', 'data/SweCORE/swe_train.tsv', 'data/FreCORE/fre_train.tsv'], dev_set=['data/CORE-corpus/dev.tsv.gz', 'data/FinCORE_full/dev.tsv', 'data/SweCORE/swe_dev.tsv', 'data/FreCORE/fre_dev.tsv'], test_set=['data/CORE-corpus/test.tsv.gz', 'data/FinCORE_full/test.tsv', 'data/SweCORE/swe_test.tsv', 'data/FreCORE/fre_test.tsv'], model='xlm-roberta-base', threshold=0.5, batch=8, epochs=4, learning=8e-06, save=True, weights=True)
DatasetDict({
    train: Dataset({
        features: ['text', 'label'],
        num_rows: 45597
    })
    dev: Dataset({
        features: ['text', 'label'],
        num_rows: 7609
    })
    test: Dataset({
        features: ['text', 'label'],
        num_rows: 14377
    })
})
sub-register mapping
filtering
train 44313
test 13915
dev 7349
binarization
tokenization
[('IN', tensor(2.3832, device='cuda:0')), ('NA', tensor(1.4511, device='cuda:0')), ('HI', tensor(0.4424, device='cuda:0')), ('LY', tensor(1.3703, device='cuda:0')), ('IP', tensor(9.3963, device='cuda:0')), ('SP', tensor(0.2612, device='cuda:0')), ('ID', tensor(0.5620, device='cuda:0')), ('OP', tensor(3.9046, device='cuda:0')), ('QA_NEW', tensor(24.2545, device='cuda:0'))]
9
training
{'loss': 0.4219, 'learning_rate': 7.819494584837545e-06, 'epoch': 0.09}
              precision    recall  f1-score   support

          IN       0.00      0.00      0.00       364
          NA       0.00      0.00      0.00       554
          HI       0.00      0.00      0.00      1855
          LY       0.00      0.00      0.00       856
          IP       0.00      0.00      0.00        81
          SP       0.00      0.00      0.00      3020
          ID       0.00      0.00      0.00      1355
          OP       0.00      0.00      0.00       195
      QA_NEW       0.00      0.00      0.00        98

   micro avg       0.00      0.00      0.00      8378
   macro avg       0.00      0.00      0.00      8378
weighted avg       0.00      0.00      0.00      8378
 samples avg       0.00      0.00      0.00      8378

{'eval_loss': 0.42380353808403015, 'eval_f1': 0.0, 'eval_precision': 0.0, 'eval_recall': 0.0, 'eval_roc_auc': 0.4999826878797846, 'eval_accuracy': 0.007892230235406177, 'eval_runtime': 91.3549, 'eval_samples_per_second': 80.445, 'eval_steps_per_second': 2.518, 'epoch': 0.09}
{'loss': 0.3878, 'learning_rate': 7.63898916967509e-06, 'epoch': 0.18}
              precision    recall  f1-score   support

          IN       0.60      0.02      0.03       364
          NA       0.76      0.53      0.62       554
          HI       0.00      0.00      0.00      1855
          LY       0.85      0.37      0.52       856
          IP       0.98      0.64      0.78        81
          SP       0.00      0.00      0.00      3020
          ID       0.00      0.00      0.00      1355
          OP       0.32      0.45      0.37       195
      QA_NEW       0.00      0.00      0.00        98

   micro avg       0.69      0.09      0.16      8378
   macro avg       0.39      0.22      0.26      8378
weighted avg       0.18      0.09      0.11      8378
 samples avg       0.08      0.09      0.08      8378

{'eval_loss': 0.30351632833480835, 'eval_f1': 0.15923970432946147, 'eval_precision': 0.6904761904761905, 'eval_recall': 0.08999761279541657, 'eval_roc_auc': 0.5420730580813119, 'eval_accuracy': 0.06613144645530004, 'eval_runtime': 69.3126, 'eval_samples_per_second': 106.027, 'eval_steps_per_second': 3.318, 'epoch': 0.18}
{'loss': 0.2834, 'learning_rate': 7.458483754512635e-06, 'epoch': 0.27}
              precision    recall  f1-score   support

          IN       0.74      0.27      0.40       364
          NA       0.85      0.45      0.59       554
          HI       0.92      0.06      0.10      1855
          LY       0.82      0.51      0.63       856
          IP       0.97      0.75      0.85        81
          SP       0.87      0.40      0.55      3020
          ID       0.18      0.01      0.03      1355
          OP       0.54      0.46      0.50       195
      QA_NEW       0.65      0.52      0.58        98

   micro avg       0.81      0.28      0.41      8378
   macro avg       0.73      0.38      0.47      8378
weighted avg       0.75      0.28      0.37      8378
 samples avg       0.29      0.29      0.29      8378

{'eval_loss': 0.2554461359977722, 'eval_f1': 0.41053943386149194, 'eval_precision': 0.8074229691876751, 'eval_recall': 0.2752446884698019, 'eval_roc_auc': 0.6328615111756762, 'eval_accuracy': 0.2635732752755477, 'eval_runtime': 69.1217, 'eval_samples_per_second': 106.32, 'eval_steps_per_second': 3.327, 'epoch': 0.27}
{'loss': 0.2435, 'learning_rate': 7.27797833935018e-06, 'epoch': 0.36}
              precision    recall  f1-score   support

          IN       0.56      0.52      0.54       364
          NA       0.73      0.74      0.74       554
          HI       0.85      0.43      0.57      1855
          LY       0.66      0.73      0.69       856
          IP       0.85      0.81      0.83        81
          SP       0.88      0.49      0.63      3020
          ID       0.31      0.02      0.04      1355
          OP       0.56      0.51      0.53       195
      QA_NEW       0.73      0.52      0.61        98

   micro avg       0.76      0.44      0.56      8378
   macro avg       0.68      0.53      0.57      8378
weighted avg       0.72      0.44      0.53      8378
 samples avg       0.48      0.46      0.47      8378

{'eval_loss': 0.23613813519477844, 'eval_f1': 0.5625660377358491, 'eval_precision': 0.7649835796387521, 'eval_recall': 0.4448555741227023, 'eval_roc_auc': 0.7125165982380559, 'eval_accuracy': 0.42237039052932374, 'eval_runtime': 69.0923, 'eval_samples_per_second': 106.365, 'eval_steps_per_second': 3.329, 'epoch': 0.36}
{'loss': 0.2328, 'learning_rate': 7.097472924187725e-06, 'epoch': 0.45}
              precision    recall  f1-score   support

          IN       0.57      0.58      0.58       364
          NA       0.86      0.65      0.74       554
          HI       0.73      0.59      0.66      1855
          LY       0.89      0.43      0.58       856
          IP       0.96      0.81      0.88        81
          SP       0.87      0.58      0.69      3020
          ID       0.63      0.03      0.06      1355
          OP       0.64      0.46      0.53       195
      QA_NEW       0.60      0.58      0.59        98

   micro avg       0.79      0.48      0.60      8378
   macro avg       0.75      0.52      0.59      8378
weighted avg       0.78      0.48      0.57      8378
 samples avg       0.53      0.51      0.51      8378

{'eval_loss': 0.23434977233409882, 'eval_f1': 0.5997324613555292, 'eval_precision': 0.7946041748719969, 'eval_recall': 0.48161852470756744, 'eval_roc_auc': 0.731780991661472, 'eval_accuracy': 0.4644169274731256, 'eval_runtime': 69.0733, 'eval_samples_per_second': 106.394, 'eval_steps_per_second': 3.33, 'epoch': 0.45}
{'loss': 0.2204, 'learning_rate': 6.91696750902527e-06, 'epoch': 0.54}
              precision    recall  f1-score   support

          IN       0.46      0.72      0.56       364
          NA       0.72      0.82      0.77       554
          HI       0.80      0.53      0.64      1855
          LY       0.84      0.54      0.66       856
          IP       0.88      0.81      0.85        81
          SP       0.90      0.57      0.70      3020
          ID       0.70      0.32      0.44      1355
          OP       0.55      0.54      0.55       195
      QA_NEW       0.59      0.58      0.58        98

   micro avg       0.77      0.54      0.64      8378
   macro avg       0.72      0.60      0.64      8378
weighted avg       0.80      0.54      0.63      8378
 samples avg       0.59      0.57      0.57      8378

{'eval_loss': 0.2145266830921173, 'eval_f1': 0.6372315035799522, 'eval_precision': 0.773517382413088, 'eval_recall': 0.541776080210074, 'eval_roc_auc': 0.7593841362219284, 'eval_accuracy': 0.5155803510681726, 'eval_runtime': 69.0855, 'eval_samples_per_second': 106.375, 'eval_steps_per_second': 3.329, 'epoch': 0.54}
{'loss': 0.2131, 'learning_rate': 6.736462093862815e-06, 'epoch': 0.63}
              precision    recall  f1-score   support

          IN       0.50      0.67      0.57       364
          NA       0.72      0.80      0.76       554
          HI       0.79      0.56      0.65      1855
          LY       0.79      0.58      0.67       856
          IP       0.86      0.85      0.86        81
          SP       0.90      0.61      0.73      3020
          ID       0.73      0.33      0.45      1355
          OP       0.55      0.57      0.56       195
      QA_NEW       0.43      0.64      0.52        98

   micro avg       0.77      0.57      0.65      8378
   macro avg       0.70      0.62      0.64      8378
weighted avg       0.79      0.57      0.65      8378
 samples avg       0.62      0.59      0.60      8378

{'eval_loss': 0.204417422413826, 'eval_f1': 0.6534243740947652, 'eval_precision': 0.7738931547132821, 'eval_recall': 0.5654094055860587, 'eval_roc_auc': 0.7707247156039984, 'eval_accuracy': 0.5406177711253232, 'eval_runtime': 69.1272, 'eval_samples_per_second': 106.311, 'eval_steps_per_second': 3.327, 'epoch': 0.63}
{'loss': 0.2072, 'learning_rate': 6.555956678700361e-06, 'epoch': 0.72}
              precision    recall  f1-score   support

          IN       0.52      0.68      0.59       364
          NA       0.76      0.77      0.76       554
          HI       0.86      0.45      0.59      1855
          LY       0.80      0.60      0.68       856
          IP       0.89      0.83      0.86        81
          SP       0.90      0.62      0.73      3020
          ID       0.78      0.23      0.36      1355
          OP       0.63      0.54      0.58       195
      QA_NEW       0.53      0.69      0.60        98

   micro avg       0.81      0.53      0.64      8378
   macro avg       0.74      0.60      0.64      8378
weighted avg       0.82      0.53      0.63      8378
 samples avg       0.59      0.56      0.57      8378

{'eval_loss': 0.19435769319534302, 'eval_f1': 0.6414849989207857, 'eval_precision': 0.807462416228944, 'eval_recall': 0.5321079016471711, 'eval_roc_auc': 0.7568525589291202, 'eval_accuracy': 0.5203429037964349, 'eval_runtime': 69.2298, 'eval_samples_per_second': 106.154, 'eval_steps_per_second': 3.322, 'epoch': 0.72}
{'loss': 0.2069, 'learning_rate': 6.375451263537906e-06, 'epoch': 0.81}
              precision    recall  f1-score   support

          IN       0.66      0.48      0.56       364
          NA       0.87      0.68      0.76       554
          HI       0.78      0.58      0.66      1855
          LY       0.85      0.54      0.66       856
          IP       0.97      0.73      0.83        81
          SP       0.90      0.60      0.72      3020
          ID       0.78      0.26      0.39      1355
          OP       0.60      0.56      0.58       195
      QA_NEW       0.57      0.62      0.60        98

   micro avg       0.82      0.54      0.65      8378
   macro avg       0.78      0.56      0.64      8378
weighted avg       0.82      0.54      0.64      8378
 samples avg       0.59      0.56      0.57      8378

{'eval_loss': 0.21460463106632233, 'eval_f1': 0.6496640416154902, 'eval_precision': 0.8229910305692842, 'eval_recall': 0.5366435903556935, 'eval_roc_auc': 0.7599513850537187, 'eval_accuracy': 0.5225200707579263, 'eval_runtime': 69.1807, 'eval_samples_per_second': 106.229, 'eval_steps_per_second': 3.325, 'epoch': 0.81}
{'loss': 0.2168, 'learning_rate': 6.194945848375451e-06, 'epoch': 0.9}
              precision    recall  f1-score   support

          IN       0.57      0.66      0.61       364
          NA       0.81      0.75      0.78       554
          HI       0.79      0.59      0.67      1855
          LY       0.84      0.56      0.67       856
          IP       0.88      0.81      0.85        81
          SP       0.89      0.64      0.75      3020
          ID       0.76      0.30      0.43      1355
          OP       0.61      0.57      0.59       195
      QA_NEW       0.50      0.68      0.58        98

   micro avg       0.81      0.57      0.67      8378
   macro avg       0.74      0.62      0.66      8378
weighted avg       0.81      0.57      0.66      8378
 samples avg       0.63      0.60      0.61      8378

{'eval_loss': 0.19742627441883087, 'eval_f1': 0.6704299951216113, 'eval_precision': 0.8055602076704069, 'eval_recall': 0.5741227023155885, 'eval_roc_auc': 0.7770116653727761, 'eval_accuracy': 0.5535446999591781, 'eval_runtime': 69.0663, 'eval_samples_per_second': 106.405, 'eval_steps_per_second': 3.33, 'epoch': 0.9}
{'loss': 0.2113, 'learning_rate': 6.014440433212997e-06, 'epoch': 0.99}
              precision    recall  f1-score   support

          IN       0.47      0.76      0.58       364
          NA       0.81      0.76      0.78       554
          HI       0.85      0.46      0.59      1855
          LY       0.68      0.74      0.71       856
          IP       0.85      0.81      0.83        81
          SP       0.88      0.65      0.75      3020
          ID       0.78      0.28      0.41      1355
          OP       0.41      0.66      0.50       195
      QA_NEW       0.40      0.80      0.53        98

   micro avg       0.76      0.57      0.65      8378
   macro avg       0.68      0.66      0.63      8378
weighted avg       0.80      0.57      0.64      8378
 samples avg       0.62      0.59      0.60      8378

{'eval_loss': 0.18881501257419586, 'eval_f1': 0.6515141204491324, 'eval_precision': 0.7577964223523824, 'eval_recall': 0.5713774170446407, 'eval_roc_auc': 0.7724449365575679, 'eval_accuracy': 0.5282351340318411, 'eval_runtime': 69.1912, 'eval_samples_per_second': 106.213, 'eval_steps_per_second': 3.324, 'epoch': 0.99}
{'loss': 0.1817, 'learning_rate': 5.8339350180505415e-06, 'epoch': 1.08}
              precision    recall  f1-score   support

          IN       0.51      0.73      0.60       364
          NA       0.84      0.75      0.79       554
          HI       0.84      0.50      0.63      1855
          LY       0.73      0.72      0.72       856
          IP       0.86      0.81      0.84        81
          SP       0.94      0.48      0.64      3020
          ID       0.67      0.58      0.62      1355
          OP       0.72      0.54      0.62       195
      QA_NEW       0.75      0.54      0.63        98

   micro avg       0.78      0.56      0.65      8378
   macro avg       0.76      0.63      0.68      8378
weighted avg       0.82      0.56      0.65      8378
 samples avg       0.61      0.58      0.59      8378

{'eval_loss': 0.21303962171077728, 'eval_f1': 0.6534102760203018, 'eval_precision': 0.7825145711906745, 'eval_recall': 0.5608737168775364, 'eval_roc_auc': 0.7691320439381364, 'eval_accuracy': 0.5308205197986121, 'eval_runtime': 69.2151, 'eval_samples_per_second': 106.176, 'eval_steps_per_second': 3.323, 'epoch': 1.08}
{'loss': 0.1868, 'learning_rate': 5.6534296028880865e-06, 'epoch': 1.17}
              precision    recall  f1-score   support

          IN       0.62      0.61      0.62       364
          NA       0.81      0.76      0.79       554
          HI       0.80      0.56      0.66      1855
          LY       0.82      0.61      0.70       856
          IP       0.93      0.81      0.87        81
          SP       0.92      0.57      0.70      3020
          ID       0.77      0.33      0.46      1355
          OP       0.53      0.61      0.56       195
      QA_NEW       0.47      0.73      0.58        98

   micro avg       0.81      0.55      0.66      8378
   macro avg       0.74      0.62      0.66      8378
weighted avg       0.82      0.55      0.65      8378
 samples avg       0.60      0.57      0.58      8378

{'eval_loss': 0.1892871856689453, 'eval_f1': 0.6556329024009091, 'eval_precision': 0.8096491228070175, 'eval_recall': 0.5508474576271186, 'eval_roc_auc': 0.766031903596725, 'eval_accuracy': 0.5251054565246972, 'eval_runtime': 69.1995, 'eval_samples_per_second': 106.2, 'eval_steps_per_second': 3.324, 'epoch': 1.17}
{'loss': 0.2016, 'learning_rate': 5.4729241877256314e-06, 'epoch': 1.26}
              precision    recall  f1-score   support

          IN       0.68      0.54      0.60       364
          NA       0.84      0.74      0.79       554
          HI       0.82      0.55      0.66      1855
          LY       0.81      0.63      0.71       856
          IP       0.83      0.84      0.83        81
          SP       0.92      0.57      0.71      3020
          ID       0.66      0.61      0.63      1355
          OP       0.55      0.60      0.57       195
      QA_NEW       0.61      0.69      0.65        98

   micro avg       0.80      0.59      0.68      8378
   macro avg       0.75      0.64      0.68      8378
weighted avg       0.82      0.59      0.68      8378
 samples avg       0.65      0.62      0.63      8378

{'eval_loss': 0.19142642617225647, 'eval_f1': 0.68145106091718, 'eval_precision': 0.7987804878048781, 'eval_recall': 0.5941752208164239, 'eval_roc_auc': 0.7862329110331795, 'eval_accuracy': 0.566471628793033, 'eval_runtime': 69.2212, 'eval_samples_per_second': 106.167, 'eval_steps_per_second': 3.323, 'epoch': 1.26}
{'loss': 0.183, 'learning_rate': 5.292418772563176e-06, 'epoch': 1.35}
              precision    recall  f1-score   support

          IN       0.65      0.54      0.59       364
          NA       0.79      0.78      0.79       554
          HI       0.81      0.57      0.67      1855
          LY       0.79      0.65      0.71       856
          IP       0.85      0.83      0.84        81
          SP       0.89      0.68      0.77      3020
          ID       0.78      0.32      0.45      1355
          OP       0.64      0.59      0.62       195
      QA_NEW       0.68      0.60      0.64        98

   micro avg       0.82      0.59      0.69      8378
   macro avg       0.76      0.62      0.67      8378
weighted avg       0.82      0.59      0.68      8378
 samples avg       0.65      0.62      0.63      8378

{'eval_loss': 0.20254535973072052, 'eval_f1': 0.6868421052631579, 'eval_precision': 0.8180468492246783, 'eval_recall': 0.5919073764621628, 'eval_roc_auc': 0.7864060539323087, 'eval_accuracy': 0.5728670567424139, 'eval_runtime': 69.2832, 'eval_samples_per_second': 106.072, 'eval_steps_per_second': 3.32, 'epoch': 1.35}
{'loss': 0.1633, 'learning_rate': 5.111913357400721e-06, 'epoch': 1.44}
              precision    recall  f1-score   support

          IN       0.61      0.60      0.61       364
          NA       0.83      0.76      0.79       554
          HI       0.86      0.51      0.64      1855
          LY       0.84      0.57      0.68       856
          IP       0.86      0.83      0.84        81
          SP       0.89      0.67      0.77      3020
          ID       0.74      0.47      0.58      1355
          OP       0.54      0.63      0.58       195
      QA_NEW       0.54      0.74      0.63        98

   micro avg       0.82      0.60      0.69      8378
   macro avg       0.75      0.64      0.68      8378
weighted avg       0.83      0.60      0.69      8378
 samples avg       0.66      0.62      0.63      8378

{'eval_loss': 0.1865731030702591, 'eval_f1': 0.6889793665033469, 'eval_precision': 0.8166203173564535, 'eval_recall': 0.5958462640248269, 'eval_roc_auc': 0.7882196886317026, 'eval_accuracy': 0.5734113484827867, 'eval_runtime': 69.2782, 'eval_samples_per_second': 106.08, 'eval_steps_per_second': 3.32, 'epoch': 1.44}
{'loss': 0.1685, 'learning_rate': 4.931407942238267e-06, 'epoch': 1.53}
              precision    recall  f1-score   support

          IN       0.61      0.64      0.63       364
          NA       0.74      0.81      0.78       554
          HI       0.82      0.55      0.66      1855
          LY       0.74      0.71      0.72       856
          IP       0.73      0.88      0.80        81
          SP       0.93      0.59      0.72      3020
          ID       0.74      0.45      0.56      1355
          OP       0.47      0.67      0.55       195
      QA_NEW       0.55      0.74      0.63        98

   micro avg       0.79      0.59      0.68      8378
   macro avg       0.70      0.67      0.67      8378
weighted avg       0.81      0.59      0.68      8378
 samples avg       0.65      0.62      0.63      8378

{'eval_loss': 0.18377116322517395, 'eval_f1': 0.6787953120741346, 'eval_precision': 0.7908859955541442, 'eval_recall': 0.5945333015039389, 'eval_roc_auc': 0.7858666195901531, 'eval_accuracy': 0.5603483467138386, 'eval_runtime': 69.2226, 'eval_samples_per_second': 106.165, 'eval_steps_per_second': 3.323, 'epoch': 1.53}
{'loss': 0.1647, 'learning_rate': 4.750902527075812e-06, 'epoch': 1.62}
              precision    recall  f1-score   support

          IN       0.61      0.64      0.62       364
          NA       0.86      0.71      0.78       554
          HI       0.80      0.58      0.68      1855
          LY       0.79      0.64      0.71       856
          IP       0.91      0.83      0.86        81
          SP       0.90      0.65      0.76      3020
          ID       0.76      0.38      0.51      1355
          OP       0.76      0.50      0.60       195
      QA_NEW       0.59      0.70      0.64        98

   micro avg       0.82      0.59      0.69      8378
   macro avg       0.78      0.63      0.68      8378
weighted avg       0.82      0.59      0.68      8378
 samples avg       0.66      0.62      0.63      8378

{'eval_loss': 0.19805170595645905, 'eval_f1': 0.6886152994881727, 'eval_precision': 0.81875, 'eval_recall': 0.5941752208164239, 'eval_roc_auc': 0.7875486321695471, 'eval_accuracy': 0.5747720778337189, 'eval_runtime': 113.3844, 'eval_samples_per_second': 64.815, 'eval_steps_per_second': 2.028, 'epoch': 1.62}
{'loss': 0.1673, 'learning_rate': 4.570397111913357e-06, 'epoch': 1.71}
              precision    recall  f1-score   support

          IN       0.62      0.62      0.62       364
          NA       0.73      0.83      0.78       554
          HI       0.80      0.60      0.69      1855
          LY       0.78      0.66      0.72       856
          IP       0.90      0.81      0.86        81
          SP       0.89      0.67      0.76      3020
          ID       0.80      0.32      0.46      1355
          OP       0.46      0.66      0.54       195
      QA_NEW       0.54      0.71      0.62        98

   micro avg       0.79      0.61      0.69      8378
   macro avg       0.73      0.65      0.67      8378
weighted avg       0.81      0.61      0.68      8378
 samples avg       0.66      0.63      0.64      8378

{'eval_loss': 0.1974976658821106, 'eval_f1': 0.6877956480605487, 'eval_precision': 0.7926791277258567, 'eval_recall': 0.607424206254476, 'eval_roc_auc': 0.7921908871239142, 'eval_accuracy': 0.5749081507688121, 'eval_runtime': 69.1337, 'eval_samples_per_second': 106.301, 'eval_steps_per_second': 3.327, 'epoch': 1.71}
{'loss': 0.1669, 'learning_rate': 4.389891696750903e-06, 'epoch': 1.81}
              precision    recall  f1-score   support

          IN       0.60      0.63      0.62       364
          NA       0.76      0.82      0.79       554
          HI       0.87      0.48      0.62      1855
          LY       0.74      0.71      0.73       856
          IP       0.88      0.83      0.85        81
          SP       0.89      0.69      0.78      3020
          ID       0.74      0.51      0.60      1355
          OP       0.55      0.63      0.59       195
      QA_NEW       0.50      0.77      0.60        98

   micro avg       0.80      0.62      0.70      8378
   macro avg       0.73      0.67      0.69      8378
weighted avg       0.81      0.62      0.70      8378
 samples avg       0.68      0.65      0.66      8378

{'eval_loss': 0.17871126532554626, 'eval_f1': 0.7003484320557491, 'eval_precision': 0.7983501374885427, 'eval_recall': 0.6237765576509907, 'eval_roc_auc': 0.8004622794833558, 'eval_accuracy': 0.5913729759150905, 'eval_runtime': 69.2367, 'eval_samples_per_second': 106.143, 'eval_steps_per_second': 3.322, 'epoch': 1.81}
{'loss': 0.1834, 'learning_rate': 4.209386281588448e-06, 'epoch': 1.9}
              precision    recall  f1-score   support

          IN       0.61      0.65      0.62       364
          NA       0.83      0.75      0.79       554
          HI       0.86      0.49      0.63      1855
          LY       0.73      0.73      0.73       856
          IP       0.87      0.83      0.85        81
          SP       0.90      0.65      0.75      3020
          ID       0.77      0.44      0.56      1355
          OP       0.53      0.64      0.58       195
      QA_NEW       0.59      0.71      0.65        98

   micro avg       0.81      0.60      0.69      8378
   macro avg       0.74      0.65      0.68      8378
weighted avg       0.82      0.60      0.68      8378
 samples avg       0.65      0.62      0.63      8378

{'eval_loss': 0.1894225925207138, 'eval_f1': 0.6875515251442705, 'eval_precision': 0.8099708643573972, 'eval_recall': 0.5972785867748867, 'eval_roc_auc': 0.7884770788210254, 'eval_accuracy': 0.5641583888964485, 'eval_runtime': 69.2118, 'eval_samples_per_second': 106.181, 'eval_steps_per_second': 3.323, 'epoch': 1.9}
{'loss': 0.1872, 'learning_rate': 4.028880866425993e-06, 'epoch': 1.99}
              precision    recall  f1-score   support

          IN       0.57      0.70      0.63       364
          NA       0.81      0.79      0.80       554
          HI       0.80      0.58      0.68      1855
          LY       0.80      0.66      0.73       856
          IP       0.88      0.81      0.85        81
          SP       0.90      0.66      0.76      3020
          ID       0.78      0.41      0.54      1355
          OP       0.57      0.64      0.60       195
      QA_NEW       0.57      0.74      0.65        98

   micro avg       0.81      0.62      0.70      8378
   macro avg       0.74      0.67      0.69      8378
weighted avg       0.82      0.62      0.70      8378
 samples avg       0.67      0.64      0.65      8378

{'eval_loss': 0.18331100046634674, 'eval_f1': 0.69934419579474, 'eval_precision': 0.8064868236394823, 'eval_recall': 0.6173311052757221, 'eval_roc_auc': 0.7979233820442284, 'eval_accuracy': 0.5851136209008029, 'eval_runtime': 69.2092, 'eval_samples_per_second': 106.185, 'eval_steps_per_second': 3.323, 'epoch': 1.99}
{'loss': 0.1476, 'learning_rate': 3.848375451263538e-06, 'epoch': 2.08}
              precision    recall  f1-score   support

          IN       0.60      0.66      0.63       364
          NA       0.85      0.75      0.80       554
          HI       0.82      0.55      0.66      1855
          LY       0.73      0.72      0.72       856
          IP       0.90      0.81      0.86        81
          SP       0.90      0.64      0.75      3020
          ID       0.73      0.53      0.61      1355
          OP       0.70      0.57      0.63       195
      QA_NEW       0.54      0.78      0.63        98

   micro avg       0.80      0.62      0.70      8378
   macro avg       0.75      0.67      0.70      8378
weighted avg       0.81      0.62      0.70      8378
 samples avg       0.68      0.65      0.66      8378

{'eval_loss': 0.18662282824516296, 'eval_f1': 0.6996637525218562, 'eval_precision': 0.8012939001848429, 'eval_recall': 0.6209119121508714, 'eval_roc_auc': 0.7992896385365267, 'eval_accuracy': 0.5920533405905566, 'eval_runtime': 69.2111, 'eval_samples_per_second': 106.182, 'eval_steps_per_second': 3.323, 'epoch': 2.08}
{'loss': 0.1606, 'learning_rate': 3.667870036101083e-06, 'epoch': 2.17}
              precision    recall  f1-score   support

          IN       0.56      0.73      0.63       364
          NA       0.87      0.75      0.81       554
          HI       0.84      0.54      0.66      1855
          LY       0.72      0.74      0.73       856
          IP       0.86      0.81      0.84        81
          SP       0.88      0.71      0.79      3020
          ID       0.78      0.42      0.55      1355
          OP       0.65      0.61      0.63       195
      QA_NEW       0.56      0.78      0.65        98

   micro avg       0.80      0.63      0.71      8378
   macro avg       0.74      0.68      0.70      8378
weighted avg       0.81      0.63      0.70      8378
 samples avg       0.70      0.66      0.67      8378

{'eval_loss': 0.1868707686662674, 'eval_f1': 0.7085165933626549, 'eval_precision': 0.8020519010259505, 'eval_recall': 0.6345189782764383, 'eval_roc_auc': 0.8059027382769413, 'eval_accuracy': 0.5998094978908695, 'eval_runtime': 69.1577, 'eval_samples_per_second': 106.264, 'eval_steps_per_second': 3.326, 'epoch': 2.17}
{'loss': 0.1506, 'learning_rate': 3.487364620938628e-06, 'epoch': 2.26}
              precision    recall  f1-score   support

          IN       0.64      0.61      0.62       364
          NA       0.84      0.78      0.81       554
          HI       0.82      0.56      0.66      1855
          LY       0.81      0.66      0.73       856
          IP       0.88      0.81      0.85        81
          SP       0.92      0.61      0.73      3020
          ID       0.70      0.60      0.65      1355
          OP       0.60      0.62      0.61       195
      QA_NEW       0.62      0.67      0.64        98

   micro avg       0.81      0.62      0.70      8378
   macro avg       0.76      0.66      0.70      8378
weighted avg       0.82      0.62      0.70      8378
 samples avg       0.68      0.64      0.65      8378

{'eval_loss': 0.19472253322601318, 'eval_f1': 0.6996476009758743, 'eval_precision': 0.8093446221386015, 'eval_recall': 0.6161375029840057, 'eval_roc_auc': 0.7975429824010624, 'eval_accuracy': 0.5881072254728534, 'eval_runtime': 69.1772, 'eval_samples_per_second': 106.234, 'eval_steps_per_second': 3.325, 'epoch': 2.26}
{'loss': 0.1634, 'learning_rate': 3.306859205776173e-06, 'epoch': 2.35}
              precision    recall  f1-score   support

          IN       0.60      0.65      0.62       364
          NA       0.82      0.77      0.79       554
          HI       0.81      0.58      0.68      1855
          LY       0.78      0.67      0.72       856
          IP       0.88      0.81      0.85        81
          SP       0.92      0.63      0.75      3020
          ID       0.73      0.51      0.60      1355
          OP       0.59      0.62      0.60       195
      QA_NEW       0.56      0.73      0.64        98

   micro avg       0.81      0.62      0.70      8378
   macro avg       0.74      0.66      0.70      8378
weighted avg       0.82      0.62      0.70      8378
 samples avg       0.68      0.64      0.65      8378

{'eval_loss': 0.18586553633213043, 'eval_f1': 0.7006352209758075, 'eval_precision': 0.8074766355140187, 'eval_recall': 0.6187634280257818, 'eval_roc_auc': 0.7986828237197967, 'eval_accuracy': 0.5875629337324806, 'eval_runtime': 69.1737, 'eval_samples_per_second': 106.24, 'eval_steps_per_second': 3.325, 'epoch': 2.35}
{'loss': 0.1522, 'learning_rate': 3.1263537906137183e-06, 'epoch': 2.44}
              precision    recall  f1-score   support

          IN       0.63      0.63      0.63       364
          NA       0.85      0.74      0.79       554
          HI       0.77      0.63      0.69      1855
          LY       0.75      0.71      0.73       856
          IP       0.89      0.81      0.85        81
          SP       0.92      0.62      0.74      3020
          ID       0.75      0.49      0.59      1355
          OP       0.72      0.54      0.62       195
      QA_NEW       0.56      0.71      0.63        98

   micro avg       0.81      0.62      0.70      8378
   macro avg       0.76      0.66      0.70      8378
weighted avg       0.82      0.62      0.70      8378
 samples avg       0.68      0.65      0.66      8378

{'eval_loss': 0.19317585229873657, 'eval_f1': 0.701823092505064, 'eval_precision': 0.8079912935323383, 'eval_recall': 0.6203151110050131, 'eval_roc_auc': 0.79946732126952, 'eval_accuracy': 0.5911008300449041, 'eval_runtime': 69.1896, 'eval_samples_per_second': 106.215, 'eval_steps_per_second': 3.324, 'epoch': 2.44}
{'loss': 0.1508, 'learning_rate': 2.9458483754512636e-06, 'epoch': 2.53}
              precision    recall  f1-score   support

          IN       0.57      0.70      0.63       364
          NA       0.82      0.75      0.78       554
          HI       0.78      0.62      0.69      1855
          LY       0.74      0.72      0.73       856
          IP       0.85      0.81      0.83        81
          SP       0.91      0.65      0.76      3020
          ID       0.74      0.50      0.59      1355
          OP       0.66      0.62      0.64       195
      QA_NEW       0.67      0.69      0.68        98

   micro avg       0.80      0.64      0.71      8378
   macro avg       0.75      0.67      0.70      8378
weighted avg       0.80      0.64      0.71      8378
 samples avg       0.70      0.66      0.67      8378

{'eval_loss': 0.19681088626384735, 'eval_f1': 0.707021149638666, 'eval_precision': 0.795227442207308, 'eval_recall': 0.6364287419431846, 'eval_roc_auc': 0.8063296004437458, 'eval_accuracy': 0.5994012790855898, 'eval_runtime': 69.1842, 'eval_samples_per_second': 106.224, 'eval_steps_per_second': 3.324, 'epoch': 2.53}
{'loss': 0.1606, 'learning_rate': 2.7653429602888086e-06, 'epoch': 2.62}
              precision    recall  f1-score   support

          IN       0.61      0.65      0.63       364
          NA       0.89      0.69      0.78       554
          HI       0.81      0.59      0.68      1855
          LY       0.75      0.72      0.73       856
          IP       0.88      0.81      0.85        81
          SP       0.92      0.63      0.74      3020
          ID       0.77      0.47      0.58      1355
          OP       0.65      0.62      0.63       195
      QA_NEW       0.60      0.70      0.65        98

   micro avg       0.82      0.61      0.70      8378
   macro avg       0.76      0.65      0.70      8378
weighted avg       0.83      0.61      0.70      8378
 samples avg       0.67      0.64      0.64      8378

{'eval_loss': 0.19121186435222626, 'eval_f1': 0.6991658690004101, 'eval_precision': 0.8183418693982074, 'eval_recall': 0.6102888517545954, 'eval_roc_auc': 0.7953197976550793, 'eval_accuracy': 0.5808953599129133, 'eval_runtime': 69.1618, 'eval_samples_per_second': 106.258, 'eval_steps_per_second': 3.326, 'epoch': 2.62}
{'train_runtime': 6553.3652, 'train_samples_per_second': 27.047, 'train_steps_per_second': 3.381, 'train_loss': 0.20294057911839977, 'epoch': 2.62}
              precision    recall  f1-score   support

          IN       0.59      0.76      0.66       673
          NA       0.87      0.74      0.80      1088
          HI       0.84      0.54      0.65      3531
          LY       0.70      0.74      0.72      1423
          IP       0.88      0.85      0.86       168
          SP       0.88      0.72      0.79      5735
          ID       0.77      0.42      0.55      2647
          OP       0.65      0.64      0.65       376
      QA_NEW       0.58      0.76      0.66       186

   micro avg       0.81      0.63      0.71     15827
   macro avg       0.75      0.68      0.70     15827
weighted avg       0.82      0.63      0.70     15827
 samples avg       0.69      0.66      0.67     15827

F1: 0.7096226615270361
              precision    recall  f1-score   support

          IN       0.59      0.76      0.66       673
          NA       0.87      0.74      0.80      1088
          HI       0.84      0.54      0.65      3531
          LY       0.70      0.74      0.72      1423
          IP       0.88      0.85      0.86       168
          SP       0.88      0.72      0.79      5735
          ID       0.77      0.42      0.55      2647
          OP       0.65      0.64      0.65       376
      QA_NEW       0.58      0.76      0.66       186

   micro avg       0.81      0.63      0.71     15827
   macro avg       0.75      0.68      0.70     15827
weighted avg       0.82      0.63      0.70     15827
 samples avg       0.69      0.66      0.67     15827

              precision    recall  f1-score   support

          IN       0.59      0.76      0.66       673
          NA       0.87      0.74      0.80      1088
          HI       0.84      0.54      0.65      3531
          LY       0.70      0.74      0.72      1423
          IP       0.88      0.85      0.86       168
          SP       0.88      0.72      0.79      5735
          ID       0.77      0.42      0.55      2647
          OP       0.65      0.64      0.65       376
      QA_NEW       0.58      0.76      0.66       186

   micro avg       0.81      0.63      0.71     15827
   macro avg       0.75      0.68      0.70     15827
weighted avg       0.82      0.63      0.70     15827
 samples avg       0.69      0.66      0.67     15827

saved
END: ti 6.6.2023 16.13.52 +0300
