START: ke 21.6.2023 13.57.32 +0300
Namespace(train_set=['data/CORE-corpus/train.tsv.gz', 'data/SweCORE/swe_train.tsv', 'data/FreCORE/fre_train.tsv'], dev_set=['data/CORE-corpus/dev.tsv.gz', 'data/SweCORE/swe_dev.tsv', 'data/FreCORE/fre_dev.tsv'], test_set=['data/CORE-corpus/test.tsv.gz', 'data/SweCORE/swe_test.tsv', 'data/FreCORE/fre_test.tsv'], model='xlm-roberta-base', threshold=0.5, batch=8, epochs=4, learning=8e-06, save=True, weights=True)
Downloading and preparing dataset csv/default to /users/annieske/.cache/huggingface/datasets/csv/default-f3a9c019f0b7c761/0.0.0/6b34fb8fcf56f7c8ba51dc895bfa2bfbe43546f190a60fcf74bb5e8afdcc2317...
Dataset csv downloaded and prepared to /users/annieske/.cache/huggingface/datasets/csv/default-f3a9c019f0b7c761/0.0.0/6b34fb8fcf56f7c8ba51dc895bfa2bfbe43546f190a60fcf74bb5e8afdcc2317. Subsequent calls will reuse this data.
Downloading and preparing dataset csv/default to /users/annieske/.cache/huggingface/datasets/csv/default-0a13733612a5b843/0.0.0/6b34fb8fcf56f7c8ba51dc895bfa2bfbe43546f190a60fcf74bb5e8afdcc2317...
Dataset csv downloaded and prepared to /users/annieske/.cache/huggingface/datasets/csv/default-0a13733612a5b843/0.0.0/6b34fb8fcf56f7c8ba51dc895bfa2bfbe43546f190a60fcf74bb5e8afdcc2317. Subsequent calls will reuse this data.
Downloading and preparing dataset csv/default to /users/annieske/.cache/huggingface/datasets/csv/default-74edb3210032a87a/0.0.0/6b34fb8fcf56f7c8ba51dc895bfa2bfbe43546f190a60fcf74bb5e8afdcc2317...
Dataset csv downloaded and prepared to /users/annieske/.cache/huggingface/datasets/csv/default-74edb3210032a87a/0.0.0/6b34fb8fcf56f7c8ba51dc895bfa2bfbe43546f190a60fcf74bb5e8afdcc2317. Subsequent calls will reuse this data.
DatasetDict({
    train: Dataset({
        features: ['text', 'label'],
        num_rows: 38072
    })
    dev: Dataset({
        features: ['text', 'label'],
        num_rows: 6534
    })
    test: Dataset({
        features: ['text', 'label'],
        num_rows: 12226
    })
})
sub-register mapping
filtering
train 37762
test 12040
dev 6413
binarization
tokenization
huggingface/tokenizers: The current process just got forked, after parallelism has already been used. Disabling parallelism to avoid deadlocks...
To disable this warning, you can either:
	- Avoid using `tokenizers` before the fork if possible
	- Explicitly set the environment variable TOKENIZERS_PARALLELISM=(true | false)
[('IN', tensor(2.4930, device='cuda:0')), ('NA', tensor(1.5827, device='cuda:0')), ('HI', tensor(0.4218, device='cuda:0')), ('LY', tensor(1.5881, device='cuda:0')), ('IP', tensor(8.3085, device='cuda:0')), ('SP', tensor(0.2613, device='cuda:0')), ('ID', tensor(0.5282, device='cuda:0')), ('OP', tensor(3.5588, device='cuda:0')), ('QA_NEW', tensor(22.5984, device='cuda:0'))]
9
training
huggingface/tokenizers: The current process just got forked, after parallelism has already been used. Disabling parallelism to avoid deadlocks...
To disable this warning, you can either:
	- Avoid using `tokenizers` before the fork if possible
	- Explicitly set the environment variable TOKENIZERS_PARALLELISM=(true | false)
huggingface/tokenizers: The current process just got forked, after parallelism has already been used. Disabling parallelism to avoid deadlocks...
To disable this warning, you can either:
	- Avoid using `tokenizers` before the fork if possible
	- Explicitly set the environment variable TOKENIZERS_PARALLELISM=(true | false)
huggingface/tokenizers: The current process just got forked, after parallelism has already been used. Disabling parallelism to avoid deadlocks...
To disable this warning, you can either:
	- Avoid using `tokenizers` before the fork if possible
	- Explicitly set the environment variable TOKENIZERS_PARALLELISM=(true | false)
huggingface/tokenizers: The current process just got forked, after parallelism has already been used. Disabling parallelism to avoid deadlocks...
To disable this warning, you can either:
	- Avoid using `tokenizers` before the fork if possible
	- Explicitly set the environment variable TOKENIZERS_PARALLELISM=(true | false)
huggingface/tokenizers: The current process just got forked, after parallelism has already been used. Disabling parallelism to avoid deadlocks...
To disable this warning, you can either:
	- Avoid using `tokenizers` before the fork if possible
	- Explicitly set the environment variable TOKENIZERS_PARALLELISM=(true | false)
huggingface/tokenizers: The current process just got forked, after parallelism has already been used. Disabling parallelism to avoid deadlocks...
To disable this warning, you can either:
	- Avoid using `tokenizers` before the fork if possible
	- Explicitly set the environment variable TOKENIZERS_PARALLELISM=(true | false)
huggingface/tokenizers: The current process just got forked, after parallelism has already been used. Disabling parallelism to avoid deadlocks...
To disable this warning, you can either:
	- Avoid using `tokenizers` before the fork if possible
	- Explicitly set the environment variable TOKENIZERS_PARALLELISM=(true | false)
huggingface/tokenizers: The current process just got forked, after parallelism has already been used. Disabling parallelism to avoid deadlocks...
To disable this warning, you can either:
	- Avoid using `tokenizers` before the fork if possible
	- Explicitly set the environment variable TOKENIZERS_PARALLELISM=(true | false)
huggingface/tokenizers: The current process just got forked, after parallelism has already been used. Disabling parallelism to avoid deadlocks...
To disable this warning, you can either:
	- Avoid using `tokenizers` before the fork if possible
	- Explicitly set the environment variable TOKENIZERS_PARALLELISM=(true | false)
{'loss': 0.4209, 'learning_rate': 7.788180470239356e-06, 'epoch': 0.11}
              precision    recall  f1-score   support

          IN       1.00      0.00      0.01       315
          NA       0.74      0.09      0.16       449
          HI       0.00      0.00      0.00      1683
          LY       0.00      0.00      0.00       732
          IP       0.00      0.00      0.00        80
          SP       0.00      0.00      0.00      2614
          ID       0.00      0.00      0.00      1242
          OP       0.00      0.00      0.00       185
      QA_NEW       0.00      0.00      0.00        93

   micro avg       0.75      0.01      0.01      7393
   macro avg       0.19      0.01      0.02      7393
weighted avg       0.09      0.01      0.01      7393
 samples avg       0.01      0.01      0.01      7393

{'eval_loss': 0.3989850878715515, 'eval_f1': 0.01100966702470462, 'eval_precision': 0.7454545454545455, 'eval_recall': 0.005545786554849182, 'eval_roc_auc': 0.5026337946366171, 'eval_accuracy': 0.01356619366910962, 'eval_runtime': 69.541, 'eval_samples_per_second': 92.219, 'eval_steps_per_second': 2.89, 'epoch': 0.11}
{'loss': 0.3568, 'learning_rate': 7.576360940478712e-06, 'epoch': 0.21}
              precision    recall  f1-score   support

          IN       0.57      0.28      0.38       315
          NA       0.58      0.70      0.64       449
          HI       0.00      0.00      0.00      1683
          LY       0.98      0.20      0.33       732
          IP       0.98      0.66      0.79        80
          SP       0.00      0.00      0.00      2614
          ID       0.00      0.00      0.00      1242
          OP       0.26      0.59      0.36       185
      QA_NEW       0.00      0.00      0.00        93

   micro avg       0.54      0.10      0.16      7393
   macro avg       0.37      0.27      0.28      7393
weighted avg       0.17      0.10      0.10      7393
 samples avg       0.08      0.09      0.08      7393

{'eval_loss': 0.32740479707717896, 'eval_f1': 0.16276400367309457, 'eval_precision': 0.5375284306292646, 'eval_recall': 0.09590152847287975, 'eval_roc_auc': 0.5418900377441102, 'eval_accuracy': 0.05894277249337283, 'eval_runtime': 73.8593, 'eval_samples_per_second': 86.827, 'eval_steps_per_second': 2.721, 'epoch': 0.21}
{'loss': 0.2846, 'learning_rate': 7.364541410718068e-06, 'epoch': 0.32}
              precision    recall  f1-score   support

          IN       0.57      0.47      0.52       315
          NA       0.76      0.68      0.72       449
          HI       0.85      0.14      0.24      1683
          LY       0.76      0.52      0.62       732
          IP       0.94      0.78      0.85        80
          SP       0.88      0.36      0.51      2614
          ID       0.04      0.00      0.00      1242
          OP       0.34      0.51      0.41       185
      QA_NEW       0.60      0.57      0.59        93

   micro avg       0.74      0.30      0.43      7393
   macro avg       0.64      0.45      0.49      7393
weighted avg       0.68      0.30      0.39      7393
 samples avg       0.31      0.31      0.31      7393

{'eval_loss': 0.24622608721256256, 'eval_f1': 0.4285026480500722, 'eval_precision': 0.7436497326203209, 'eval_recall': 0.30096036791559583, 'eval_roc_auc': 0.6428595655649834, 'eval_accuracy': 0.2730391392484017, 'eval_runtime': 71.4557, 'eval_samples_per_second': 89.748, 'eval_steps_per_second': 2.813, 'epoch': 0.32}
{'loss': 0.268, 'learning_rate': 7.152721880957424e-06, 'epoch': 0.42}
              precision    recall  f1-score   support

          IN       0.68      0.44      0.54       315
          NA       0.73      0.77      0.75       449
          HI       0.82      0.43      0.57      1683
          LY       0.73      0.62      0.67       732
          IP       0.93      0.81      0.87        80
          SP       0.94      0.40      0.57      2614
          ID       0.72      0.11      0.19      1242
          OP       0.42      0.56      0.48       185
      QA_NEW       0.53      0.67      0.59        93

   micro avg       0.79      0.42      0.55      7393
   macro avg       0.72      0.54      0.58      7393
weighted avg       0.81      0.42      0.52      7393
 samples avg       0.46      0.44      0.44      7393

{'eval_loss': 0.21667522192001343, 'eval_f1': 0.5459201695513952, 'eval_precision': 0.7863139150343424, 'eval_recall': 0.41809820100094686, 'eval_roc_auc': 0.7007031820520194, 'eval_accuracy': 0.3976298144394199, 'eval_runtime': 73.7678, 'eval_samples_per_second': 86.935, 'eval_steps_per_second': 2.725, 'epoch': 0.42}
{'loss': 0.2321, 'learning_rate': 6.94090235119678e-06, 'epoch': 0.53}
              precision    recall  f1-score   support

          IN       0.53      0.57      0.55       315
          NA       0.80      0.70      0.75       449
          HI       0.91      0.29      0.44      1683
          LY       0.66      0.70      0.68       732
          IP       0.92      0.82      0.87        80
          SP       0.90      0.56      0.69      2614
          ID       0.81      0.09      0.17      1242
          OP       0.78      0.43      0.56       185
      QA_NEW       0.68      0.58      0.63        93

   micro avg       0.81      0.44      0.57      7393
   macro avg       0.78      0.53      0.59      7393
weighted avg       0.84      0.44      0.54      7393
 samples avg       0.49      0.46      0.47      7393

{'eval_loss': 0.22088441252708435, 'eval_f1': 0.5699798933473206, 'eval_precision': 0.8057340583292141, 'eval_recall': 0.44095766265386177, 'eval_roc_auc': 0.712669436207306, 'eval_accuracy': 0.4322469982847341, 'eval_runtime': 69.3509, 'eval_samples_per_second': 92.472, 'eval_steps_per_second': 2.898, 'epoch': 0.53}
{'loss': 0.229, 'learning_rate': 6.7290828214361355e-06, 'epoch': 0.64}
              precision    recall  f1-score   support

          IN       0.54      0.58      0.56       315
          NA       0.75      0.77      0.76       449
          HI       0.90      0.29      0.43      1683
          LY       0.65      0.72      0.68       732
          IP       0.98      0.75      0.85        80
          SP       0.88      0.62      0.73      2614
          ID       0.70      0.36      0.47      1242
          OP       0.61      0.50      0.55       185
      QA_NEW       0.45      0.71      0.55        93

   micro avg       0.77      0.52      0.62      7393
   macro avg       0.72      0.59      0.62      7393
weighted avg       0.80      0.52      0.60      7393
 samples avg       0.57      0.54      0.55      7393

{'eval_loss': 0.2064448893070221, 'eval_f1': 0.6163298302344382, 'eval_precision': 0.7659232469359052, 'eval_recall': 0.5156228865142702, 'eval_roc_auc': 0.7462364492185055, 'eval_accuracy': 0.49009823795415564, 'eval_runtime': 69.2295, 'eval_samples_per_second': 92.634, 'eval_steps_per_second': 2.903, 'epoch': 0.64}
{'loss': 0.2273, 'learning_rate': 6.517263291675492e-06, 'epoch': 0.74}
              precision    recall  f1-score   support

          IN       0.61      0.54      0.57       315
          NA       0.85      0.72      0.78       449
          HI       0.83      0.49      0.62      1683
          LY       0.81      0.62      0.70       732
          IP       0.64      0.86      0.73        80
          SP       0.93      0.47      0.62      2614
          ID       0.69      0.46      0.55      1242
          OP       0.61      0.51      0.56       185
      QA_NEW       0.67      0.62      0.65        93

   micro avg       0.80      0.51      0.63      7393
   macro avg       0.74      0.59      0.64      7393
weighted avg       0.82      0.51      0.62      7393
 samples avg       0.57      0.54      0.55      7393

{'eval_loss': 0.21246129274368286, 'eval_f1': 0.6259403157807722, 'eval_precision': 0.8048469387755102, 'eval_recall': 0.5121060462599757, 'eval_roc_auc': 0.7469321265398916, 'eval_accuracy': 0.49134570403867145, 'eval_runtime': 69.3482, 'eval_samples_per_second': 92.475, 'eval_steps_per_second': 2.898, 'epoch': 0.74}
{'loss': 0.204, 'learning_rate': 6.3054437619148486e-06, 'epoch': 0.85}
              precision    recall  f1-score   support

          IN       0.62      0.54      0.58       315
          NA       0.82      0.75      0.78       449
          HI       0.74      0.60      0.66      1683
          LY       0.92      0.33      0.49       732
          IP       0.90      0.81      0.86        80
          SP       0.94      0.44      0.60      2614
          ID       0.82      0.12      0.21      1242
          OP       0.55      0.51      0.53       185
      QA_NEW       0.53      0.71      0.61        93

   micro avg       0.80      0.45      0.57      7393
   macro avg       0.76      0.54      0.59      7393
weighted avg       0.83      0.45      0.55      7393
 samples avg       0.49      0.47      0.47      7393

{'eval_loss': 0.2206631898880005, 'eval_f1': 0.5732672406296199, 'eval_precision': 0.8027277155382367, 'eval_recall': 0.44582713377519273, 'eval_roc_auc': 0.7148657169551585, 'eval_accuracy': 0.4317791985030407, 'eval_runtime': 69.2458, 'eval_samples_per_second': 92.612, 'eval_steps_per_second': 2.903, 'epoch': 0.85}
{'loss': 0.1894, 'learning_rate': 6.093624232154204e-06, 'epoch': 0.95}
              precision    recall  f1-score   support

          IN       0.62      0.52      0.57       315
          NA       0.90      0.63      0.74       449
          HI       0.89      0.41      0.56      1683
          LY       0.72      0.68      0.70       732
          IP       0.98      0.72      0.83        80
          SP       0.92      0.54      0.68      2614
          ID       0.68      0.44      0.53      1242
          OP       0.85      0.44      0.58       185
      QA_NEW       0.51      0.75      0.61        93

   micro avg       0.81      0.51      0.63      7393
   macro avg       0.78      0.57      0.64      7393
weighted avg       0.83      0.51      0.63      7393
 samples avg       0.58      0.54      0.55      7393

{'eval_loss': 0.20944494009017944, 'eval_f1': 0.6300190413113669, 'eval_precision': 0.8119931711481008, 'eval_recall': 0.5146760449073448, 'eval_roc_auc': 0.7485847436999963, 'eval_accuracy': 0.5041322314049587, 'eval_runtime': 69.3558, 'eval_samples_per_second': 92.465, 'eval_steps_per_second': 2.898, 'epoch': 0.95}
{'loss': 0.1912, 'learning_rate': 5.881804702393561e-06, 'epoch': 1.06}
              precision    recall  f1-score   support

          IN       0.60      0.57      0.58       315
          NA       0.76      0.78      0.77       449
          HI       0.78      0.56      0.65      1683
          LY       0.91      0.41      0.57       732
          IP       0.91      0.80      0.85        80
          SP       0.89      0.62      0.73      2614
          ID       0.77      0.25      0.38      1242
          OP       0.65      0.52      0.58       185
      QA_NEW       0.55      0.71      0.62        93

   micro avg       0.81      0.53      0.64      7393
   macro avg       0.76      0.58      0.64      7393
weighted avg       0.82      0.53      0.63      7393
 samples avg       0.60      0.56      0.57      7393

{'eval_loss': 0.2135494351387024, 'eval_f1': 0.642490424578274, 'eval_precision': 0.8081180811808119, 'eval_recall': 0.5332070877857432, 'eval_roc_auc': 0.7573038061931656, 'eval_accuracy': 0.516295025728988, 'eval_runtime': 69.37, 'eval_samples_per_second': 92.446, 'eval_steps_per_second': 2.898, 'epoch': 1.06}
{'loss': 0.1855, 'learning_rate': 5.6699851726329165e-06, 'epoch': 1.17}
              precision    recall  f1-score   support

          IN       0.50      0.67      0.58       315
          NA       0.83      0.73      0.78       449
          HI       0.84      0.49      0.62      1683
          LY       0.74      0.67      0.70       732
          IP       0.88      0.84      0.86        80
          SP       0.90      0.61      0.73      2614
          ID       0.73      0.41      0.52      1242
          OP       0.66      0.52      0.58       185
      QA_NEW       0.66      0.63      0.65        93

   micro avg       0.80      0.57      0.66      7393
   macro avg       0.75      0.62      0.67      7393
weighted avg       0.81      0.57      0.66      7393
 samples avg       0.63      0.59      0.60      7393

{'eval_loss': 0.21337589621543884, 'eval_f1': 0.662022009342095, 'eval_precision': 0.7982054219167621, 'eval_recall': 0.5655349655079129, 'eval_roc_auc': 0.7722655353729851, 'eval_accuracy': 0.5415562139404335, 'eval_runtime': 69.2715, 'eval_samples_per_second': 92.578, 'eval_steps_per_second': 2.902, 'epoch': 1.17}
{'loss': 0.196, 'learning_rate': 5.458165642872273e-06, 'epoch': 1.27}
              precision    recall  f1-score   support

          IN       0.58      0.59      0.59       315
          NA       0.76      0.80      0.78       449
          HI       0.83      0.53      0.65      1683
          LY       0.73      0.70      0.71       732
          IP       0.83      0.85      0.84        80
          SP       0.91      0.55      0.69      2614
          ID       0.73      0.36      0.48      1242
          OP       0.52      0.59      0.55       185
      QA_NEW       0.67      0.63      0.65        93

   micro avg       0.79      0.55      0.65      7393
   macro avg       0.73      0.62      0.66      7393
weighted avg       0.81      0.55      0.65      7393
 samples avg       0.61      0.58      0.58      7393

{'eval_loss': 0.20319071412086487, 'eval_f1': 0.650758180367119, 'eval_precision': 0.7936538835896437, 'eval_recall': 0.5514676044907345, 'eval_roc_auc': 0.7652020480127943, 'eval_accuracy': 0.5212848900670513, 'eval_runtime': 69.3495, 'eval_samples_per_second': 92.474, 'eval_steps_per_second': 2.898, 'epoch': 1.27}
{'loss': 0.2113, 'learning_rate': 5.246346113111628e-06, 'epoch': 1.38}
              precision    recall  f1-score   support

          IN       0.60      0.57      0.58       315
          NA       0.83      0.75      0.79       449
          HI       0.76      0.60      0.67      1683
          LY       0.73      0.70      0.71       732
          IP       0.93      0.79      0.85        80
          SP       0.91      0.56      0.70      2614
          ID       0.80      0.27      0.41      1242
          OP       0.71      0.52      0.60       185
      QA_NEW       0.50      0.80      0.61        93

   micro avg       0.80      0.55      0.65      7393
   macro avg       0.75      0.62      0.66      7393
weighted avg       0.81      0.55      0.64      7393
 samples avg       0.62      0.58      0.59      7393

{'eval_loss': 0.19239968061447144, 'eval_f1': 0.6520591763294683, 'eval_precision': 0.7975352112676056, 'eval_recall': 0.5514676044907345, 'eval_roc_auc': 0.7654504384428079, 'eval_accuracy': 0.5286137533135817, 'eval_runtime': 69.3164, 'eval_samples_per_second': 92.518, 'eval_steps_per_second': 2.9, 'epoch': 1.38}
{'loss': 0.1819, 'learning_rate': 5.034526583350984e-06, 'epoch': 1.48}
              precision    recall  f1-score   support

          IN       0.45      0.78      0.57       315
          NA       0.86      0.72      0.78       449
          HI       0.82      0.54      0.65      1683
          LY       0.77      0.64      0.70       732
          IP       0.91      0.80      0.85        80
          SP       0.92      0.56      0.70      2614
          ID       0.76      0.36      0.49      1242
          OP       0.58      0.60      0.59       185
      QA_NEW       0.64      0.72      0.68        93

   micro avg       0.79      0.56      0.65      7393
   macro avg       0.75      0.64      0.67      7393
weighted avg       0.82      0.56      0.65      7393
 samples avg       0.61      0.58      0.59      7393

{'eval_loss': 0.19844022393226624, 'eval_f1': 0.6533630147877246, 'eval_precision': 0.7924783027965284, 'eval_recall': 0.5557960232652509, 'eval_roc_auc': 0.7672072875248439, 'eval_accuracy': 0.5195696242008421, 'eval_runtime': 69.2516, 'eval_samples_per_second': 92.604, 'eval_steps_per_second': 2.902, 'epoch': 1.48}
{'loss': 0.1723, 'learning_rate': 4.822707053590341e-06, 'epoch': 1.59}
              precision    recall  f1-score   support

          IN       0.48      0.76      0.59       315
          NA       0.85      0.75      0.79       449
          HI       0.81      0.54      0.65      1683
          LY       0.79      0.63      0.70       732
          IP       0.92      0.81      0.86        80
          SP       0.89      0.64      0.74      2614
          ID       0.79      0.28      0.41      1242
          OP       0.72      0.52      0.60       185
      QA_NEW       0.70      0.67      0.68        93

   micro avg       0.81      0.56      0.66      7393
   macro avg       0.77      0.62      0.67      7393
weighted avg       0.82      0.56      0.66      7393
 samples avg       0.63      0.59      0.60      7393

{'eval_loss': 0.2119068056344986, 'eval_f1': 0.6637512920410273, 'eval_precision': 0.8051697530864198, 'eval_recall': 0.5645881239009874, 'eval_roc_auc': 0.7722590885779478, 'eval_accuracy': 0.5404646811164822, 'eval_runtime': 69.4319, 'eval_samples_per_second': 92.364, 'eval_steps_per_second': 2.895, 'epoch': 1.59}
{'loss': 0.1766, 'learning_rate': 4.610887523829697e-06, 'epoch': 1.69}
              precision    recall  f1-score   support

          IN       0.54      0.66      0.59       315
          NA       0.89      0.71      0.79       449
          HI       0.89      0.43      0.58      1683
          LY       0.81      0.62      0.70       732
          IP       0.90      0.81      0.86        80
          SP       0.89      0.64      0.75      2614
          ID       0.69      0.56      0.61      1242
          OP       0.71      0.54      0.62       185
      QA_NEW       0.65      0.67      0.66        93

   micro avg       0.81      0.58      0.68      7393
   macro avg       0.77      0.63      0.68      7393
weighted avg       0.83      0.58      0.68      7393
 samples avg       0.65      0.61      0.62      7393

{'eval_loss': 0.20517468452453613, 'eval_f1': 0.6775689912728988, 'eval_precision': 0.8090499436725498, 'eval_recall': 0.5828486406059786, 'eval_roc_auc': 0.7813197976100397, 'eval_accuracy': 0.5590207391236551, 'eval_runtime': 69.0856, 'eval_samples_per_second': 92.827, 'eval_steps_per_second': 2.909, 'epoch': 1.69}
{'loss': 0.1785, 'learning_rate': 4.399067994069053e-06, 'epoch': 1.8}
              precision    recall  f1-score   support

          IN       0.45      0.77      0.57       315
          NA       0.77      0.80      0.79       449
          HI       0.83      0.51      0.63      1683
          LY       0.78      0.65      0.71       732
          IP       0.86      0.85      0.86        80
          SP       0.88      0.67      0.76      2614
          ID       0.76      0.41      0.53      1242
          OP       0.52      0.65      0.58       185
      QA_NEW       0.50      0.78      0.61        93

   micro avg       0.77      0.60      0.68      7393
   macro avg       0.71      0.68      0.67      7393
weighted avg       0.80      0.60      0.67      7393
 samples avg       0.66      0.63      0.63      7393

{'eval_loss': 0.18318529427051544, 'eval_f1': 0.6763697325306713, 'eval_precision': 0.7745200698080279, 'eval_recall': 0.600297578790748, 'eval_roc_auc': 0.7873119719722756, 'eval_accuracy': 0.5587088726025261, 'eval_runtime': 69.1422, 'eval_samples_per_second': 92.751, 'eval_steps_per_second': 2.907, 'epoch': 1.8}
{'loss': 0.184, 'learning_rate': 4.187248464308409e-06, 'epoch': 1.91}
              precision    recall  f1-score   support

          IN       0.50      0.68      0.58       315
          NA       0.81      0.78      0.79       449
          HI       0.78      0.59      0.67      1683
          LY       0.74      0.70      0.72       732
          IP       0.85      0.84      0.84        80
          SP       0.93      0.54      0.68      2614
          ID       0.74      0.44      0.55      1242
          OP       0.36      0.75      0.49       185
      QA_NEW       0.55      0.75      0.63        93

   micro avg       0.76      0.58      0.66      7393
   macro avg       0.70      0.67      0.66      7393
weighted avg       0.80      0.58      0.66      7393
 samples avg       0.63      0.60      0.60      7393

{'eval_loss': 0.19007468223571777, 'eval_f1': 0.6582918422060513, 'eval_precision': 0.7589191098551749, 'eval_recall': 0.5812254835655349, 'eval_roc_auc': 0.7770506243040297, 'eval_accuracy': 0.5276781537501949, 'eval_runtime': 69.1671, 'eval_samples_per_second': 92.717, 'eval_steps_per_second': 2.906, 'epoch': 1.91}
{'loss': 0.1722, 'learning_rate': 3.975428934547765e-06, 'epoch': 2.01}
              precision    recall  f1-score   support

          IN       0.55      0.66      0.60       315
          NA       0.83      0.76      0.79       449
          HI       0.81      0.56      0.66      1683
          LY       0.82      0.61      0.70       732
          IP       0.92      0.82      0.87        80
          SP       0.92      0.59      0.72      2614
          ID       0.72      0.47      0.57      1242
          OP       0.49      0.68      0.57       185
      QA_NEW       0.56      0.75      0.64        93

   micro avg       0.79      0.59      0.68      7393
   macro avg       0.73      0.66      0.68      7393
weighted avg       0.81      0.59      0.68      7393
 samples avg       0.64      0.61      0.62      7393

{'eval_loss': 0.18752257525920868, 'eval_f1': 0.6754235970775687, 'eval_precision': 0.7938973140873379, 'eval_recall': 0.5877181117273096, 'eval_roc_auc': 0.7826516796614451, 'eval_accuracy': 0.5481054108841416, 'eval_runtime': 69.3367, 'eval_samples_per_second': 92.491, 'eval_steps_per_second': 2.899, 'epoch': 2.01}
{'loss': 0.1697, 'learning_rate': 3.763609404787121e-06, 'epoch': 2.12}
              precision    recall  f1-score   support

          IN       0.51      0.68      0.58       315
          NA       0.74      0.82      0.78       449
          HI       0.84      0.52      0.64      1683
          LY       0.72      0.71      0.72       732
          IP       0.88      0.82      0.85        80
          SP       0.92      0.57      0.70      2614
          ID       0.73      0.47      0.57      1242
          OP       0.54      0.63      0.58       185
      QA_NEW       0.60      0.72      0.66        93

   micro avg       0.78      0.58      0.67      7393
   macro avg       0.72      0.66      0.68      7393
weighted avg       0.81      0.58      0.67      7393
 samples avg       0.64      0.60      0.61      7393

{'eval_loss': 0.1909191608428955, 'eval_f1': 0.6670292952055327, 'eval_precision': 0.7837837837837838, 'eval_recall': 0.5805491681320167, 'eval_roc_auc': 0.7785108133005684, 'eval_accuracy': 0.5438952128489006, 'eval_runtime': 74.6663, 'eval_samples_per_second': 85.889, 'eval_steps_per_second': 2.692, 'epoch': 2.12}
{'loss': 0.1639, 'learning_rate': 3.5517898750264772e-06, 'epoch': 2.22}
              precision    recall  f1-score   support

          IN       0.55      0.68      0.61       315
          NA       0.84      0.76      0.80       449
          HI       0.80      0.58      0.67      1683
          LY       0.76      0.67      0.71       732
          IP       0.93      0.80      0.86        80
          SP       0.92      0.56      0.70      2614
          ID       0.75      0.42      0.54      1242
          OP       0.65      0.57      0.61       185
      QA_NEW       0.59      0.75      0.66        93

   micro avg       0.80      0.57      0.67      7393
   macro avg       0.75      0.64      0.68      7393
weighted avg       0.82      0.57      0.67      7393
 samples avg       0.63      0.60      0.61      7393

{'eval_loss': 0.19095104932785034, 'eval_f1': 0.6687717082412378, 'eval_precision': 0.8030331753554503, 'eval_recall': 0.572974435276613, 'eval_roc_auc': 0.7761641113669449, 'eval_accuracy': 0.541400280679869, 'eval_runtime': 69.4369, 'eval_samples_per_second': 92.357, 'eval_steps_per_second': 2.895, 'epoch': 2.22}
{'train_runtime': 5410.75, 'train_samples_per_second': 27.916, 'train_steps_per_second': 3.49, 'train_loss': 0.21881381080264137, 'epoch': 2.22}
              precision    recall  f1-score   support

          IN       0.59      0.74      0.66       556
          NA       0.91      0.70      0.79       857
          HI       0.90      0.41      0.56      3169
          LY       0.82      0.62      0.71      1173
          IP       0.90      0.83      0.86       163
          SP       0.91      0.66      0.76      4981
          ID       0.68      0.56      0.61      2410
          OP       0.75      0.54      0.63       354
      QA_NEW       0.69      0.65      0.67       168

   micro avg       0.82      0.59      0.68     13831
   macro avg       0.79      0.63      0.69     13831
weighted avg       0.84      0.59      0.68     13831
 samples avg       0.65      0.61      0.63     13831

huggingface/tokenizers: The current process just got forked, after parallelism has already been used. Disabling parallelism to avoid deadlocks...
To disable this warning, you can either:
	- Avoid using `tokenizers` before the fork if possible
	- Explicitly set the environment variable TOKENIZERS_PARALLELISM=(true | false)
huggingface/tokenizers: The current process just got forked, after parallelism has already been used. Disabling parallelism to avoid deadlocks...
To disable this warning, you can either:
	- Avoid using `tokenizers` before the fork if possible
	- Explicitly set the environment variable TOKENIZERS_PARALLELISM=(true | false)
F1: 0.6840907174774471
saved
END: ke 21.6.2023 15.37.31 +0300
