learning rate: 8e-6 treshold: 0.5 batch: 8 epochs: 4
Namespace(train_set=['data/CORE-corpus/train.tsv.gz', 'data/FinCORE_full/train.tsv', 'data/SweCORE/swe_train.tsv', 'data/FreCORE/fre_train.tsv'], dev_set=['data/CORE-corpus/dev.tsv.gz', 'data/FinCORE_full/dev.tsv', 'data/SweCORE/swe_dev.tsv', 'data/FreCORE/fre_dev.tsv'], test_set=['data/CORE-corpus/test.tsv.gz', 'data/FinCORE_full/test.tsv', 'data/SweCORE/swe_test.tsv', 'data/FreCORE/fre_test.tsv'], model='xlm-roberta-base', threshold=None, batch=8, epochs=4, learning=8e-06, save=True, weights=True)
DatasetDict({
    train: Dataset({
        features: ['text', 'label'],
        num_rows: 45597
    })
    dev: Dataset({
        features: ['text', 'label'],
        num_rows: 7609
    })
    test: Dataset({
        features: ['text', 'label'],
        num_rows: 14377
    })
})
sub-register mapping
filtering
train 44313
test 13915
dev 7349
binarization
tokenization
[('IN', tensor(2.3832, device='cuda:0')), ('NA', tensor(1.4511, device='cuda:0')), ('HI', tensor(0.4424, device='cuda:0')), ('LY', tensor(1.3703, device='cuda:0')), ('IP', tensor(9.3963, device='cuda:0')), ('SP', tensor(0.2612, device='cuda:0')), ('ID', tensor(0.5620, device='cuda:0')), ('OP', tensor(3.9046, device='cuda:0')), ('QA_NEW', tensor(24.2545, device='cuda:0'))]
9
training
{'loss': 0.4209, 'learning_rate': 7.819494584837545e-06, 'epoch': 0.09}
Best threshold: 0.3
              precision    recall  f1-score   support

          IN       0.00      0.00      0.00       364
          NA       0.12      0.01      0.02       554
          HI       0.02      0.00      0.00      1855
          LY       0.34      0.05      0.09       856
          IP       0.87      0.58      0.70        81
          SP       0.05      0.00      0.00      3020
          ID       0.02      0.00      0.00      1355
          OP       0.07      0.02      0.03       195
      QA_NEW       0.00      0.00      0.00        98

   micro avg       0.18      0.01      0.02      8378
   macro avg       0.17      0.07      0.09      8378
weighted avg       0.08      0.01      0.02      8378
 samples avg       0.01      0.01      0.01      8378

{'eval_loss': 0.38947346806526184, 'eval_f1': 0.023447967842786962, 'eval_precision': 0.18166089965397925, 'eval_recall': 0.012532824063022202, 'eval_roc_auc': 0.5021720956005779, 'eval_accuracy': 0.012246564158388897, 'eval_runtime': 75.2174, 'eval_samples_per_second': 97.703, 'eval_steps_per_second': 3.058, 'epoch': 0.09}
{'loss': 0.3874, 'learning_rate': 7.63898916967509e-06, 'epoch': 0.18}
Best threshold: 0.3
              precision    recall  f1-score   support

          IN       0.22      0.79      0.34       364
          NA       0.38      0.82      0.52       554
          HI       0.48      0.36      0.41      1855
          LY       0.53      0.58      0.55       856
          IP       0.20      0.79      0.32        81
          SP       0.84      0.10      0.17      3020
          ID       0.15      0.03      0.05      1355
          OP       0.14      0.64      0.23       195
      QA_NEW       0.02      0.01      0.01        98

   micro avg       0.36      0.29      0.32      8378
   macro avg       0.33      0.46      0.29      8378
weighted avg       0.53      0.29      0.28      8378
 samples avg       0.19      0.29      0.21      8378

{'eval_loss': 0.32660460472106934, 'eval_f1': 0.3212353174079451, 'eval_precision': 0.3592089728453365, 'eval_recall': 0.29052279780377177, 'eval_roc_auc': 0.6076767859143333, 'eval_accuracy': 0.10219077425500069, 'eval_runtime': 81.408, 'eval_samples_per_second': 90.274, 'eval_steps_per_second': 2.825, 'epoch': 0.18}
{'loss': 0.3069, 'learning_rate': 7.458483754512635e-06, 'epoch': 0.27}
Best threshold: 0.3
              precision    recall  f1-score   support

          IN       0.48      0.46      0.47       364
          NA       0.61      0.69      0.65       554
          HI       0.66      0.59      0.62      1855
          LY       0.75      0.58      0.65       856
          IP       0.71      0.73      0.72        81
          SP       0.82      0.63      0.71      3020
          ID       0.47      0.20      0.28      1355
          OP       0.24      0.52      0.33       195
      QA_NEW       0.61      0.51      0.56        98

   micro avg       0.67      0.54      0.60      8378
   macro avg       0.59      0.55      0.55      8378
weighted avg       0.68      0.54      0.59      8378
 samples avg       0.55      0.56      0.54      8378

{'eval_loss': 0.27082371711730957, 'eval_f1': 0.5970700805067969, 'eval_precision': 0.6676505312868949, 'eval_recall': 0.5399856767724994, 'eval_roc_auc': 0.7504993910237513, 'eval_accuracy': 0.44972105048305894, 'eval_runtime': 76.656, 'eval_samples_per_second': 95.87, 'eval_steps_per_second': 3.0, 'epoch': 0.27}
{'loss': 0.2508, 'learning_rate': 7.27797833935018e-06, 'epoch': 0.36}
Best threshold: 0.3
              precision    recall  f1-score   support

          IN       0.49      0.59      0.53       364
          NA       0.62      0.79      0.70       554
          HI       0.74      0.54      0.63      1855
          LY       0.58      0.79      0.67       856
          IP       0.76      0.75      0.76        81
          SP       0.83      0.62      0.71      3020
          ID       0.60      0.36      0.45      1355
          OP       0.39      0.54      0.45       195
      QA_NEW       0.67      0.55      0.60        98

   micro avg       0.69      0.59      0.63      8378
   macro avg       0.63      0.62      0.61      8378
weighted avg       0.71      0.59      0.63      8378
 samples avg       0.62      0.61      0.60      8378

{'eval_loss': 0.24144434928894043, 'eval_f1': 0.6336353704774758, 'eval_precision': 0.6863427537240707, 'eval_recall': 0.5884459298161853, 'eval_roc_auc': 0.7747208614854865, 'eval_accuracy': 0.5094570689889781, 'eval_runtime': 72.4317, 'eval_samples_per_second': 101.461, 'eval_steps_per_second': 3.175, 'epoch': 0.36}
{'loss': 0.2436, 'learning_rate': 7.097472924187725e-06, 'epoch': 0.45}
Best threshold: 0.3
              precision    recall  f1-score   support

          IN       0.43      0.75      0.55       364
          NA       0.73      0.69      0.71       554
          HI       0.67      0.65      0.66      1855
          LY       0.82      0.52      0.64       856
          IP       0.81      0.81      0.81        81
          SP       0.80      0.74      0.77      3020
          ID       0.64      0.32      0.42      1355
          OP       0.39      0.52      0.44       195
      QA_NEW       0.61      0.57      0.59        98

   micro avg       0.70      0.62      0.66      8378
   macro avg       0.66      0.62      0.62      8378
weighted avg       0.72      0.62      0.65      8378
 samples avg       0.65      0.64      0.63      8378

{'eval_loss': 0.24013447761535645, 'eval_f1': 0.6579030926525687, 'eval_precision': 0.7029447686253223, 'eval_recall': 0.6182859871090952, 'eval_roc_auc': 0.7901948779788329, 'eval_accuracy': 0.5369438018778065, 'eval_runtime': 75.4091, 'eval_samples_per_second': 97.455, 'eval_steps_per_second': 3.05, 'epoch': 0.45}
{'loss': 0.2279, 'learning_rate': 6.91696750902527e-06, 'epoch': 0.54}
Best threshold: 0.3
              precision    recall  f1-score   support

          IN       0.37      0.83      0.51       364
          NA       0.69      0.81      0.74       554
          HI       0.73      0.61      0.66      1855
          LY       0.74      0.68      0.71       856
          IP       0.84      0.83      0.83        81
          SP       0.84      0.69      0.75      3020
          ID       0.66      0.42      0.51      1355
          OP       0.44      0.56      0.50       195
      QA_NEW       0.59      0.58      0.58        98

   micro avg       0.70      0.64      0.67      8378
   macro avg       0.65      0.67      0.64      8378
weighted avg       0.73      0.64      0.67      8378
 samples avg       0.66      0.66      0.65      8378

{'eval_loss': 0.21827015280723572, 'eval_f1': 0.6685900652282992, 'eval_precision': 0.7044673539518901, 'eval_recall': 0.6361900214848413, 'eval_roc_auc': 0.7987400603416451, 'eval_accuracy': 0.5459246155939583, 'eval_runtime': 81.0812, 'eval_samples_per_second': 90.638, 'eval_steps_per_second': 2.837, 'epoch': 0.54}
{'loss': 0.2151, 'learning_rate': 6.736462093862815e-06, 'epoch': 0.63}
Best threshold: 0.3
              precision    recall  f1-score   support

          IN       0.40      0.82      0.53       364
          NA       0.70      0.80      0.75       554
          HI       0.77      0.57      0.65      1855
          LY       0.73      0.68      0.70       856
          IP       0.90      0.86      0.88        81
          SP       0.85      0.72      0.78      3020
          ID       0.65      0.53      0.58      1355
          OP       0.38      0.57      0.45       195
      QA_NEW       0.49      0.64      0.56        98

   micro avg       0.71      0.66      0.68      8378
   macro avg       0.65      0.69      0.65      8378
weighted avg       0.74      0.66      0.69      8378
 samples avg       0.69      0.68      0.67      8378

{'eval_loss': 0.21117985248565674, 'eval_f1': 0.6828571428571428, 'eval_precision': 0.7118622118622119, 'eval_recall': 0.6561231797565051, 'eval_roc_auc': 0.8088018561386615, 'eval_accuracy': 0.5690570145598041, 'eval_runtime': 75.8678, 'eval_samples_per_second': 96.866, 'eval_steps_per_second': 3.032, 'epoch': 0.63}
{'loss': 0.2089, 'learning_rate': 6.555956678700361e-06, 'epoch': 0.72}
Best threshold: 0.3
              precision    recall  f1-score   support

          IN       0.41      0.80      0.54       364
          NA       0.65      0.83      0.73       554
          HI       0.77      0.55      0.65      1855
          LY       0.75      0.65      0.70       856
          IP       0.90      0.85      0.87        81
          SP       0.84      0.73      0.78      3020
          ID       0.71      0.43      0.53      1355
          OP       0.45      0.61      0.51       195
      QA_NEW       0.50      0.70      0.59        98

   micro avg       0.72      0.64      0.68      8378
   macro avg       0.66      0.68      0.66      8378
weighted avg       0.75      0.64      0.68      8378
 samples avg       0.68      0.67      0.66      8378

{'eval_loss': 0.20430752635002136, 'eval_f1': 0.6814674256799494, 'eval_precision': 0.7248385360602799, 'eval_recall': 0.6429935545476247, 'eval_roc_auc': 0.8037951343536041, 'eval_accuracy': 0.5743638590284392, 'eval_runtime': 76.1264, 'eval_samples_per_second': 96.537, 'eval_steps_per_second': 3.021, 'epoch': 0.72}
{'loss': 0.2077, 'learning_rate': 6.375451263537906e-06, 'epoch': 0.81}
Best threshold: 0.3
              precision    recall  f1-score   support

          IN       0.54      0.67      0.60       364
          NA       0.69      0.79      0.74       554
          HI       0.70      0.65      0.68      1855
          LY       0.80      0.64      0.71       856
          IP       0.93      0.80      0.86        81
          SP       0.84      0.73      0.78      3020
          ID       0.71      0.43      0.53      1355
          OP       0.39      0.68      0.50       195
      QA_NEW       0.44      0.70      0.54        98

   micro avg       0.73      0.65      0.69      8378
   macro avg       0.67      0.68      0.66      8378
weighted avg       0.74      0.65      0.69      8378
 samples avg       0.69      0.68      0.67      8378

{'eval_loss': 0.207875058054924, 'eval_f1': 0.6900327208658444, 'eval_precision': 0.7297045515038595, 'eval_recall': 0.6544521365481022, 'eval_roc_auc': 0.8096456101953502, 'eval_accuracy': 0.5813035787181929, 'eval_runtime': 75.9138, 'eval_samples_per_second': 96.807, 'eval_steps_per_second': 3.03, 'epoch': 0.81}
{'loss': 0.2228, 'learning_rate': 6.194945848375451e-06, 'epoch': 0.9}
Best threshold: 0.3
              precision    recall  f1-score   support

          IN       0.51      0.71      0.59       364
          NA       0.74      0.79      0.76       554
          HI       0.72      0.64      0.68      1855
          LY       0.75      0.69      0.72       856
          IP       0.91      0.84      0.87        81
          SP       0.83      0.75      0.79      3020
          ID       0.72      0.46      0.56      1355
          OP       0.47      0.59      0.53       195
      QA_NEW       0.48      0.73      0.58        98

   micro avg       0.74      0.67      0.70      8378
   macro avg       0.68      0.69      0.68      8378
weighted avg       0.75      0.67      0.70      8378
 samples avg       0.71      0.69      0.69      8378

{'eval_loss': 0.1946616917848587, 'eval_f1': 0.7034810919108441, 'eval_precision': 0.7397945746642086, 'eval_recall': 0.6705657674862736, 'eval_roc_auc': 0.8181785089703584, 'eval_accuracy': 0.593005851136209, 'eval_runtime': 73.9946, 'eval_samples_per_second': 99.318, 'eval_steps_per_second': 3.108, 'epoch': 0.9}
{'loss': 0.2123, 'learning_rate': 6.014440433212997e-06, 'epoch': 0.99}
Best threshold: 0.3
              precision    recall  f1-score   support

          IN       0.39      0.83      0.53       364
          NA       0.75      0.79      0.77       554
          HI       0.76      0.59      0.67      1855
          LY       0.67      0.77      0.72       856
          IP       0.87      0.85      0.86        81
          SP       0.83      0.75      0.79      3020
          ID       0.75      0.39      0.51      1355
          OP       0.40      0.64      0.50       195
      QA_NEW       0.28      0.81      0.42        98

   micro avg       0.71      0.67      0.68      8378
   macro avg       0.63      0.71      0.64      8378
weighted avg       0.74      0.67      0.69      8378
 samples avg       0.69      0.69      0.67      8378

{'eval_loss': 0.18807093799114227, 'eval_f1': 0.6848860775041454, 'eval_precision': 0.7053763440860215, 'eval_recall': 0.6655526378610647, 'eval_roc_auc': 0.8126163549397425, 'eval_accuracy': 0.564430534766635, 'eval_runtime': 73.9271, 'eval_samples_per_second': 99.409, 'eval_steps_per_second': 3.111, 'epoch': 0.99}
{'loss': 0.1836, 'learning_rate': 5.8339350180505415e-06, 'epoch': 1.08}
Best threshold: 0.3
              precision    recall  f1-score   support

          IN       0.43      0.83      0.56       364
          NA       0.79      0.78      0.79       554
          HI       0.72      0.65      0.69      1855
          LY       0.65      0.78      0.71       856
          IP       0.89      0.84      0.87        81
          SP       0.91      0.61      0.73      3020
          ID       0.62      0.70      0.66      1355
          OP       0.58      0.56      0.57       195
      QA_NEW       0.70      0.59      0.64        98

   micro avg       0.72      0.67      0.69      8378
   macro avg       0.70      0.70      0.69      8378
weighted avg       0.75      0.67      0.70      8378
 samples avg       0.70      0.69      0.68      8378

{'eval_loss': 0.21033687889575958, 'eval_f1': 0.6944204951348689, 'eval_precision': 0.7173027989821883, 'eval_recall': 0.6729529720697064, 'eval_roc_auc': 0.8172427204755852, 'eval_accuracy': 0.57354742141788, 'eval_runtime': 75.5223, 'eval_samples_per_second': 97.309, 'eval_steps_per_second': 3.045, 'epoch': 1.08}
{'loss': 0.1854, 'learning_rate': 5.6534296028880865e-06, 'epoch': 1.17}
Best threshold: 0.3
              precision    recall  f1-score   support

          IN       0.49      0.74      0.59       364
          NA       0.79      0.77      0.78       554
          HI       0.67      0.70      0.69      1855
          LY       0.76      0.68      0.72       856
          IP       0.85      0.81      0.83        81
          SP       0.88      0.67      0.76      3020
          ID       0.69      0.52      0.59      1355
          OP       0.42      0.61      0.50       195
      QA_NEW       0.52      0.70      0.60        98

   micro avg       0.73      0.66      0.70      8378
   macro avg       0.67      0.69      0.67      8378
weighted avg       0.75      0.66      0.70      8378
 samples avg       0.70      0.69      0.68      8378

{'eval_loss': 0.2009529024362564, 'eval_f1': 0.6955759964958388, 'eval_precision': 0.7310272260949625, 'eval_recall': 0.6634041537359752, 'eval_roc_auc': 0.8140004339477792, 'eval_accuracy': 0.5796707034970744, 'eval_runtime': 76.3683, 'eval_samples_per_second': 96.231, 'eval_steps_per_second': 3.012, 'epoch': 1.17}
{'loss': 0.1978, 'learning_rate': 5.4729241877256314e-06, 'epoch': 1.26}
Best threshold: 0.3
              precision    recall  f1-score   support

          IN       0.53      0.68      0.60       364
          NA       0.81      0.74      0.77       554
          HI       0.71      0.67      0.69      1855
          LY       0.74      0.70      0.72       856
          IP       0.87      0.85      0.86        81
          SP       0.89      0.65      0.75      3020
          ID       0.58      0.75      0.65      1355
          OP       0.42      0.60      0.50       195
      QA_NEW       0.53      0.70      0.61        98

   micro avg       0.72      0.69      0.70      8378
   macro avg       0.68      0.71      0.68      8378
weighted avg       0.75      0.69      0.71      8378
 samples avg       0.72      0.71      0.70      8378

{'eval_loss': 0.1954590380191803, 'eval_f1': 0.702348911181796, 'eval_precision': 0.7203262233375157, 'eval_recall': 0.6852470756743853, 'eval_roc_auc': 0.8233291798571708, 'eval_accuracy': 0.5851136209008029, 'eval_runtime': 68.9539, 'eval_samples_per_second': 106.578, 'eval_steps_per_second': 3.336, 'epoch': 1.26}
{'loss': 0.1819, 'learning_rate': 5.292418772563176e-06, 'epoch': 1.35}
Best threshold: 0.3
              precision    recall  f1-score   support

          IN       0.53      0.66      0.59       364
          NA       0.72      0.81      0.76       554
          HI       0.71      0.66      0.68      1855
          LY       0.69      0.75      0.72       856
          IP       0.83      0.86      0.85        81
          SP       0.85      0.74      0.79      3020
          ID       0.75      0.46      0.57      1355
          OP       0.48      0.61      0.54       195
      QA_NEW       0.65      0.64      0.65        98

   micro avg       0.74      0.68      0.71      8378
   macro avg       0.69      0.69      0.68      8378
weighted avg       0.75      0.68      0.71      8378
 samples avg       0.72      0.70      0.70      8378

{'eval_loss': 0.2044697403907776, 'eval_f1': 0.708736047889256, 'eval_precision': 0.7420028724376551, 'eval_recall': 0.6783241823824302, 'eval_roc_auc': 0.8220577164184366, 'eval_accuracy': 0.598176622669751, 'eval_runtime': 69.0089, 'eval_samples_per_second': 106.493, 'eval_steps_per_second': 3.333, 'epoch': 1.35}
{'loss': 0.1689, 'learning_rate': 5.111913357400721e-06, 'epoch': 1.44}
Best threshold: 0.3
              precision    recall  f1-score   support

          IN       0.58      0.66      0.62       364
          NA       0.83      0.74      0.78       554
          HI       0.75      0.63      0.69      1855
          LY       0.74      0.69      0.72       856
          IP       0.83      0.84      0.83        81
          SP       0.85      0.75      0.79      3020
          ID       0.65      0.64      0.64      1355
          OP       0.55      0.57      0.56       195
      QA_NEW       0.50      0.74      0.60        98

   micro avg       0.75      0.69      0.72      8378
   macro avg       0.70      0.70      0.69      8378
weighted avg       0.76      0.69      0.72      8378
 samples avg       0.74      0.71      0.71      8378

{'eval_loss': 0.18954814970493317, 'eval_f1': 0.7197063946255288, 'eval_precision': 0.7514938945180566, 'eval_recall': 0.6904989257579375, 'eval_roc_auc': 0.8286904198929742, 'eval_accuracy': 0.6132807184650972, 'eval_runtime': 69.0514, 'eval_samples_per_second': 106.428, 'eval_steps_per_second': 3.331, 'epoch': 1.44}
{'loss': 0.1727, 'learning_rate': 4.931407942238267e-06, 'epoch': 1.53}
Best threshold: 0.3
              precision    recall  f1-score   support

          IN       0.52      0.74      0.61       364
          NA       0.76      0.80      0.78       554
          HI       0.71      0.67      0.69      1855
          LY       0.69      0.76      0.72       856
          IP       0.63      0.89      0.73        81
          SP       0.88      0.71      0.78      3020
          ID       0.68      0.61      0.64      1355
          OP       0.36      0.67      0.47       195
      QA_NEW       0.51      0.74      0.61        98

   micro avg       0.72      0.70      0.71      8378
   macro avg       0.64      0.73      0.67      8378
weighted avg       0.75      0.70      0.72      8378
 samples avg       0.73      0.72      0.71      8378

{'eval_loss': 0.1842987984418869, 'eval_f1': 0.7108301932660751, 'eval_precision': 0.7241208519068846, 'eval_recall': 0.6980186201957508, 'eval_roc_auc': 0.8297236081779612, 'eval_accuracy': 0.5905565383045313, 'eval_runtime': 69.002, 'eval_samples_per_second': 106.504, 'eval_steps_per_second': 3.333, 'epoch': 1.53}
{'loss': 0.1692, 'learning_rate': 4.750902527075812e-06, 'epoch': 1.62}
Best threshold: 0.3
              precision    recall  f1-score   support

          IN       0.52      0.70      0.60       364
          NA       0.83      0.74      0.78       554
          HI       0.71      0.69      0.70      1855
          LY       0.72      0.71      0.71       856
          IP       0.92      0.83      0.87        81
          SP       0.84      0.75      0.79      3020
          ID       0.70      0.54      0.61      1355
          OP       0.68      0.54      0.61       195
      QA_NEW       0.53      0.72      0.61        98

   micro avg       0.75      0.69      0.72      8378
   macro avg       0.72      0.69      0.70      8378
weighted avg       0.76      0.69      0.72      8378
 samples avg       0.73      0.72      0.71      8378

{'eval_loss': 0.19643817842006683, 'eval_f1': 0.7191164608798163, 'eval_precision': 0.7488047551363225, 'eval_recall': 0.6916925280496539, 'eval_roc_auc': 0.8290188831754944, 'eval_accuracy': 0.6063409987753435, 'eval_runtime': 75.5335, 'eval_samples_per_second': 97.295, 'eval_steps_per_second': 3.045, 'epoch': 1.62}
{'loss': 0.1708, 'learning_rate': 4.570397111913357e-06, 'epoch': 1.71}
Best threshold: 0.3
              precision    recall  f1-score   support

          IN       0.58      0.66      0.62       364
          NA       0.69      0.84      0.75       554
          HI       0.74      0.66      0.70      1855
          LY       0.70      0.74      0.72       856
          IP       0.90      0.80      0.85        81
          SP       0.85      0.75      0.80      3020
          ID       0.73      0.50      0.59      1355
          OP       0.41      0.69      0.51       195
      QA_NEW       0.52      0.73      0.61        98

   micro avg       0.74      0.69      0.71      8378
   macro avg       0.68      0.71      0.68      8378
weighted avg       0.75      0.69      0.72      8378
 samples avg       0.73      0.71      0.71      8378

{'eval_loss': 0.19690872728824615, 'eval_f1': 0.7148862512363996, 'eval_precision': 0.7414721723518851, 'eval_recall': 0.6901408450704225, 'eval_roc_auc': 0.8276198053581255, 'eval_accuracy': 0.6028031024629201, 'eval_runtime': 68.6808, 'eval_samples_per_second': 107.002, 'eval_steps_per_second': 3.349, 'epoch': 1.71}
{'loss': 0.1827, 'learning_rate': 4.389891696750903e-06, 'epoch': 1.81}
Best threshold: 0.3
              precision    recall  f1-score   support

          IN       0.53      0.74      0.61       364
          NA       0.63      0.86      0.73       554
          HI       0.79      0.59      0.68      1855
          LY       0.70      0.75      0.72       856
          IP       0.87      0.84      0.86        81
          SP       0.85      0.75      0.80      3020
          ID       0.68      0.61      0.64      1355
          OP       0.40      0.71      0.51       195
      QA_NEW       0.47      0.77      0.58        98

   micro avg       0.73      0.70      0.71      8378
   macro avg       0.66      0.73      0.68      8378
weighted avg       0.75      0.70      0.72      8378
 samples avg       0.73      0.72      0.71      8378

{'eval_loss': 0.18186278641223907, 'eval_f1': 0.713117754728493, 'eval_precision': 0.7294058911632552, 'eval_recall': 0.6975411792790642, 'eval_roc_auc': 0.8300042513260788, 'eval_accuracy': 0.6008980813716152, 'eval_runtime': 69.0276, 'eval_samples_per_second': 106.465, 'eval_steps_per_second': 3.332, 'epoch': 1.81}
{'loss': 0.1849, 'learning_rate': 4.209386281588448e-06, 'epoch': 1.9}
Best threshold: 0.3
              precision    recall  f1-score   support

          IN       0.54      0.73      0.62       364
          NA       0.80      0.76      0.78       554
          HI       0.76      0.61      0.68      1855
          LY       0.71      0.75      0.73       856
          IP       0.82      0.85      0.84        81
          SP       0.85      0.75      0.80      3020
          ID       0.66      0.62      0.64      1355
          OP       0.48      0.64      0.55       195
      QA_NEW       0.54      0.73      0.62        98

   micro avg       0.75      0.70      0.72      8378
   macro avg       0.68      0.72      0.69      8378
weighted avg       0.76      0.70      0.72      8378
 samples avg       0.73      0.72      0.71      8378

{'eval_loss': 0.18709854781627655, 'eval_f1': 0.7200642252825294, 'eval_precision': 0.746001279590531, 'eval_recall': 0.6958701360706613, 'eval_roc_auc': 0.8307527887215831, 'eval_accuracy': 0.6055245611647844, 'eval_runtime': 68.8499, 'eval_samples_per_second': 106.739, 'eval_steps_per_second': 3.341, 'epoch': 1.9}
{'loss': 0.1883, 'learning_rate': 4.028880866425993e-06, 'epoch': 1.99}
Best threshold: 0.3
              precision    recall  f1-score   support

          IN       0.46      0.78      0.58       364
          NA       0.77      0.80      0.78       554
          HI       0.71      0.68      0.69      1855
          LY       0.73      0.72      0.73       856
          IP       0.85      0.85      0.85        81
          SP       0.84      0.77      0.80      3020
          ID       0.70      0.60      0.64      1355
          OP       0.45      0.64      0.53       195
      QA_NEW       0.54      0.74      0.63        98

   micro avg       0.73      0.72      0.72      8378
   macro avg       0.67      0.73      0.69      8378
weighted avg       0.74      0.72      0.73      8378
 samples avg       0.74      0.74      0.73      8378

{'eval_loss': 0.1867792010307312, 'eval_f1': 0.7239138283788664, 'eval_precision': 0.7299757281553398, 'eval_recall': 0.7179517784674146, 'eval_roc_auc': 0.8397161554941163, 'eval_accuracy': 0.607293509320996, 'eval_runtime': 73.334, 'eval_samples_per_second': 100.213, 'eval_steps_per_second': 3.136, 'epoch': 1.99}
{'loss': 0.152, 'learning_rate': 3.848375451263538e-06, 'epoch': 2.08}
Best threshold: 0.3
              precision    recall  f1-score   support

          IN       0.51      0.75      0.60       364
          NA       0.82      0.79      0.80       554
          HI       0.74      0.64      0.68      1855
          LY       0.63      0.80      0.70       856
          IP       0.85      0.85      0.85        81
          SP       0.86      0.73      0.79      3020
          ID       0.67      0.63      0.65      1355
          OP       0.62      0.62      0.62       195
      QA_NEW       0.46      0.79      0.58        98

   micro avg       0.73      0.70      0.72      8378
   macro avg       0.68      0.73      0.70      8378
weighted avg       0.75      0.70      0.72      8378
 samples avg       0.73      0.73      0.72      8378

{'eval_loss': 0.18396379053592682, 'eval_f1': 0.7186300201109146, 'eval_precision': 0.7341551487984062, 'eval_recall': 0.7037479111959895, 'eval_roc_auc': 0.833393267268095, 'eval_accuracy': 0.6019866648523609, 'eval_runtime': 73.4384, 'eval_samples_per_second': 100.07, 'eval_steps_per_second': 3.132, 'epoch': 2.08}
{'loss': 0.1646, 'learning_rate': 3.667870036101083e-06, 'epoch': 2.17}
Best threshold: 0.3
              precision    recall  f1-score   support

          IN       0.47      0.78      0.59       364
          NA       0.83      0.79      0.81       554
          HI       0.76      0.61      0.68      1855
          LY       0.64      0.79      0.71       856
          IP       0.85      0.84      0.84        81
          SP       0.84      0.79      0.81      3020
          ID       0.71      0.57      0.63      1355
          OP       0.54      0.62      0.57       195
      QA_NEW       0.54      0.76      0.63        98

   micro avg       0.74      0.71      0.72      8378
   macro avg       0.69      0.73      0.70      8378
weighted avg       0.75      0.71      0.72      8378
 samples avg       0.74      0.73      0.72      8378

{'eval_loss': 0.18789659440517426, 'eval_f1': 0.7230235530399853, 'eval_precision': 0.7376133118092636, 'eval_recall': 0.7089997612795417, 'eval_roc_auc': 0.83620962563224, 'eval_accuracy': 0.6074295822560892, 'eval_runtime': 75.9992, 'eval_samples_per_second': 96.698, 'eval_steps_per_second': 3.026, 'epoch': 2.17}
{'loss': 0.1541, 'learning_rate': 3.487364620938628e-06, 'epoch': 2.26}
Best threshold: 0.3
              precision    recall  f1-score   support

          IN       0.55      0.70      0.62       364
          NA       0.73      0.82      0.78       554
          HI       0.74      0.66      0.70      1855
          LY       0.77      0.69      0.73       856
          IP       0.87      0.81      0.84        81
          SP       0.89      0.69      0.78      3020
          ID       0.62      0.70      0.66      1355
          OP       0.46      0.64      0.54       195
      QA_NEW       0.51      0.72      0.60        98

   micro avg       0.74      0.70      0.72      8378
   macro avg       0.68      0.72      0.69      8378
weighted avg       0.76      0.70      0.72      8378
 samples avg       0.74      0.72      0.71      8378

{'eval_loss': 0.1887318342924118, 'eval_f1': 0.7173312035387357, 'eval_precision': 0.7390808963159894, 'eval_recall': 0.6968250179040344, 'eval_roc_auc': 0.8305723690700858, 'eval_accuracy': 0.6093346033473942, 'eval_runtime': 85.3837, 'eval_samples_per_second': 86.07, 'eval_steps_per_second': 2.694, 'epoch': 2.26}
{'loss': 0.1547, 'learning_rate': 3.306859205776173e-06, 'epoch': 2.35}
Best threshold: 0.3
              precision    recall  f1-score   support

          IN       0.55      0.72      0.62       364
          NA       0.77      0.81      0.79       554
          HI       0.70      0.69      0.70      1855
          LY       0.70      0.75      0.72       856
          IP       0.84      0.83      0.83        81
          SP       0.87      0.73      0.79      3020
          ID       0.66      0.64      0.65      1355
          OP       0.50      0.65      0.56       195
      QA_NEW       0.56      0.72      0.63        98

   micro avg       0.74      0.71      0.73      8378
   macro avg       0.68      0.73      0.70      8378
weighted avg       0.75      0.71      0.73      8378
 samples avg       0.75      0.74      0.73      8378

{'eval_loss': 0.18899796903133392, 'eval_f1': 0.7252241337533317, 'eval_precision': 0.7362853628536286, 'eval_recall': 0.7144903318214371, 'eval_roc_auc': 0.8386865730398496, 'eval_accuracy': 0.6112396244386992, 'eval_runtime': 73.9517, 'eval_samples_per_second': 99.376, 'eval_steps_per_second': 3.11, 'epoch': 2.35}
{'loss': 0.1522, 'learning_rate': 3.1263537906137183e-06, 'epoch': 2.44}
Best threshold: 0.3
              precision    recall  f1-score   support

          IN       0.56      0.72      0.63       364
          NA       0.80      0.79      0.79       554
          HI       0.70      0.72      0.71      1855
          LY       0.66      0.77      0.71       856
          IP       0.82      0.81      0.82        81
          SP       0.88      0.71      0.78      3020
          ID       0.69      0.61      0.65      1355
          OP       0.61      0.57      0.59       195
      QA_NEW       0.52      0.76      0.62        98

   micro avg       0.74      0.71      0.72      8378
   macro avg       0.69      0.72      0.70      8378
weighted avg       0.75      0.71      0.73      8378
 samples avg       0.74      0.73      0.72      8378

{'eval_loss': 0.18809311091899872, 'eval_f1': 0.7232535417684416, 'eval_precision': 0.7404351087771943, 'eval_recall': 0.7068512771544522, 'eval_roc_auc': 0.8354556577936796, 'eval_accuracy': 0.6078378010613689, 'eval_runtime': 75.5548, 'eval_samples_per_second': 97.267, 'eval_steps_per_second': 3.044, 'epoch': 2.44}
{'loss': 0.1553, 'learning_rate': 2.9458483754512636e-06, 'epoch': 2.53}
Best threshold: 0.3
              precision    recall  f1-score   support

          IN       0.47      0.77      0.58       364
          NA       0.78      0.80      0.79       554
          HI       0.70      0.71      0.70      1855
          LY       0.65      0.79      0.71       856
          IP       0.78      0.85      0.81        81
          SP       0.88      0.70      0.78      3020
          ID       0.67      0.63      0.65      1355
          OP       0.48      0.65      0.55       195
      QA_NEW       0.62      0.72      0.67        98

   micro avg       0.72      0.71      0.72      8378
   macro avg       0.67      0.74      0.69      8378
weighted avg       0.75      0.71      0.72      8378
 samples avg       0.73      0.73      0.72      8378

{'eval_loss': 0.19124378263950348, 'eval_f1': 0.7169924812030074, 'eval_precision': 0.7226870377106827, 'eval_recall': 0.7113869658629745, 'eval_roc_auc': 0.8358970734652199, 'eval_accuracy': 0.5984487685399374, 'eval_runtime': 75.1241, 'eval_samples_per_second': 97.825, 'eval_steps_per_second': 3.062, 'epoch': 2.53}
{'loss': 0.1575, 'learning_rate': 2.7653429602888086e-06, 'epoch': 2.62}
Best threshold: 0.3
              precision    recall  f1-score   support

          IN       0.54      0.74      0.62       364
          NA       0.86      0.73      0.79       554
          HI       0.71      0.69      0.70      1855
          LY       0.69      0.75      0.72       856
          IP       0.89      0.81      0.85        81
          SP       0.87      0.74      0.80      3020
          ID       0.69      0.60      0.64      1355
          OP       0.61      0.59      0.60       195
      QA_NEW       0.54      0.74      0.62        98

   micro avg       0.75      0.70      0.73      8378
   macro avg       0.71      0.71      0.71      8378
weighted avg       0.76      0.70      0.73      8378
 samples avg       0.74      0.73      0.72      8378

{'eval_loss': 0.1910984367132187, 'eval_f1': 0.7264878199198275, 'eval_precision': 0.7515630981242822, 'eval_recall': 0.7030317498209596, 'eval_roc_auc': 0.8346625258808241, 'eval_accuracy': 0.6136889372703769, 'eval_runtime': 77.1323, 'eval_samples_per_second': 95.278, 'eval_steps_per_second': 2.982, 'epoch': 2.62}
{'loss': 0.1354, 'learning_rate': 2.5848375451263535e-06, 'epoch': 2.71}
Best threshold: 0.3
              precision    recall  f1-score   support

          IN       0.52      0.75      0.62       364
          NA       0.74      0.84      0.79       554
          HI       0.71      0.68      0.70      1855
          LY       0.73      0.72      0.73       856
          IP       0.87      0.83      0.85        81
          SP       0.84      0.78      0.81      3020
          ID       0.77      0.50      0.60      1355
          OP       0.46      0.67      0.55       195
      QA_NEW       0.49      0.77      0.60        98

   micro avg       0.74      0.71      0.73      8378
   macro avg       0.68      0.73      0.69      8378
weighted avg       0.76      0.71      0.72      8378
 samples avg       0.74      0.73      0.72      8378

{'eval_loss': 0.18740352988243103, 'eval_f1': 0.7251497738109793, 'eval_precision': 0.7432330827067669, 'eval_recall': 0.7079255192169969, 'eval_roc_auc': 0.8362264924478594, 'eval_accuracy': 0.6124642808545381, 'eval_runtime': 79.3318, 'eval_samples_per_second': 92.636, 'eval_steps_per_second': 2.899, 'epoch': 2.71}
{'loss': 0.157, 'learning_rate': 2.404332129963899e-06, 'epoch': 2.8}
Best threshold: 0.3
              precision    recall  f1-score   support

          IN       0.56      0.72      0.63       364
          NA       0.79      0.80      0.79       554
          HI       0.73      0.66      0.69      1855
          LY       0.65      0.79      0.71       856
          IP       0.88      0.83      0.85        81
          SP       0.85      0.76      0.81      3020
          ID       0.69      0.63      0.66      1355
          OP       0.45      0.67      0.54       195
      QA_NEW       0.47      0.78      0.58        98

   micro avg       0.73      0.72      0.73      8378
   macro avg       0.67      0.74      0.70      8378
weighted avg       0.75      0.72      0.73      8378
 samples avg       0.75      0.74      0.73      8378

{'eval_loss': 0.18013252317905426, 'eval_f1': 0.7274261603375527, 'eval_precision': 0.7347783731125183, 'eval_recall': 0.7202196228216758, 'eval_roc_auc': 0.8412569124963079, 'eval_accuracy': 0.6085181657368349, 'eval_runtime': 83.3636, 'eval_samples_per_second': 88.156, 'eval_steps_per_second': 2.759, 'epoch': 2.8}
{'loss': 0.1514, 'learning_rate': 2.223826714801444e-06, 'epoch': 2.89}
Best threshold: 0.3
              precision    recall  f1-score   support

          IN       0.57      0.71      0.63       364
          NA       0.84      0.78      0.81       554
          HI       0.74      0.65      0.69      1855
          LY       0.66      0.78      0.71       856
          IP       0.88      0.83      0.85        81
          SP       0.87      0.73      0.79      3020
          ID       0.66      0.63      0.65      1355
          OP       0.55      0.63      0.59       195
      QA_NEW       0.54      0.78      0.63        98

   micro avg       0.75      0.70      0.72      8378
   macro avg       0.70      0.72      0.71      8378
weighted avg       0.76      0.70      0.73      8378
 samples avg       0.74      0.72      0.72      8378

{'eval_loss': 0.19029583036899567, 'eval_f1': 0.7242909987669544, 'eval_precision': 0.749043611323642, 'eval_recall': 0.7011219861542134, 'eval_roc_auc': 0.8335258667851898, 'eval_accuracy': 0.6078378010613689, 'eval_runtime': 73.9541, 'eval_samples_per_second': 99.372, 'eval_steps_per_second': 3.11, 'epoch': 2.89}
{'loss': 0.1399, 'learning_rate': 2.0433212996389892e-06, 'epoch': 2.98}
Best threshold: 0.3
              precision    recall  f1-score   support

          IN       0.48      0.78      0.60       364
          NA       0.78      0.81      0.79       554
          HI       0.78      0.62      0.69      1855
          LY       0.68      0.77      0.72       856
          IP       0.87      0.83      0.85        81
          SP       0.85      0.77      0.81      3020
          ID       0.72      0.56      0.63      1355
          OP       0.55      0.63      0.58       195
      QA_NEW       0.53      0.73      0.61        98

   micro avg       0.75      0.70      0.73      8378
   macro avg       0.69      0.72      0.70      8378
weighted avg       0.76      0.70      0.73      8378
 samples avg       0.74      0.73      0.72      8378

{'eval_loss': 0.18742020428180695, 'eval_f1': 0.7258948924896802, 'eval_precision': 0.7501591748376417, 'eval_recall': 0.7031511100501313, 'eval_roc_auc': 0.8345923650937948, 'eval_accuracy': 0.6149135936862158, 'eval_runtime': 72.4146, 'eval_samples_per_second': 101.485, 'eval_steps_per_second': 3.176, 'epoch': 2.98}
{'loss': 0.1347, 'learning_rate': 1.8628158844765342e-06, 'epoch': 3.07}
Best threshold: 0.3
              precision    recall  f1-score   support

          IN       0.49      0.79      0.60       364
          NA       0.79      0.80      0.79       554
          HI       0.72      0.69      0.70      1855
          LY       0.70      0.75      0.72       856
          IP       0.80      0.86      0.83        81
          SP       0.86      0.76      0.80      3020
          ID       0.70      0.61      0.65      1355
          OP       0.43      0.69      0.53       195
      QA_NEW       0.50      0.78      0.61        98

   micro avg       0.73      0.72      0.73      8378
   macro avg       0.66      0.75      0.69      8378
weighted avg       0.75      0.72      0.73      8378
 samples avg       0.74      0.74      0.73      8378

{'eval_loss': 0.18247726559638977, 'eval_f1': 0.7270867184208943, 'eval_precision': 0.7332200509770603, 'eval_recall': 0.7210551444258773, 'eval_roc_auc': 0.841501552096255, 'eval_accuracy': 0.6102871138930467, 'eval_runtime': 77.5174, 'eval_samples_per_second': 94.804, 'eval_steps_per_second': 2.967, 'epoch': 3.07}
