START: ke 21.6.2023 09.02.06 +0300
Namespace(train_set=['data/FinCORE_full/train.tsv', 'data/CORE-corpus/train.tsv.gz'], dev_set=['data/FinCORE_full/dev.tsv', 'data/CORE-corpus/dev.tsv.gz'], test_set=['data/FinCORE_full/test.tsv', 'data/CORE-corpus/test.tsv.gz'], model='xlm-roberta-base', threshold=0.5, batch=8, epochs=4, learning=8e-06, save=True, weights=True)
Downloading and preparing dataset csv/default to /users/annieske/.cache/huggingface/datasets/csv/default-49a377429d98c99d/0.0.0/6b34fb8fcf56f7c8ba51dc895bfa2bfbe43546f190a60fcf74bb5e8afdcc2317...
Dataset csv downloaded and prepared to /users/annieske/.cache/huggingface/datasets/csv/default-49a377429d98c99d/0.0.0/6b34fb8fcf56f7c8ba51dc895bfa2bfbe43546f190a60fcf74bb5e8afdcc2317. Subsequent calls will reuse this data.
Downloading and preparing dataset csv/default to /users/annieske/.cache/huggingface/datasets/csv/default-8ea3948667bdb4e0/0.0.0/6b34fb8fcf56f7c8ba51dc895bfa2bfbe43546f190a60fcf74bb5e8afdcc2317...
Dataset csv downloaded and prepared to /users/annieske/.cache/huggingface/datasets/csv/default-8ea3948667bdb4e0/0.0.0/6b34fb8fcf56f7c8ba51dc895bfa2bfbe43546f190a60fcf74bb5e8afdcc2317. Subsequent calls will reuse this data.
Downloading and preparing dataset csv/default to /users/annieske/.cache/huggingface/datasets/csv/default-0cd4f469ca437a94/0.0.0/6b34fb8fcf56f7c8ba51dc895bfa2bfbe43546f190a60fcf74bb5e8afdcc2317...
Dataset csv downloaded and prepared to /users/annieske/.cache/huggingface/datasets/csv/default-0cd4f469ca437a94/0.0.0/6b34fb8fcf56f7c8ba51dc895bfa2bfbe43546f190a60fcf74bb5e8afdcc2317. Subsequent calls will reuse this data.
DatasetDict({
    train: Dataset({
        features: ['text', 'label'],
        num_rows: 41440
    })
    dev: Dataset({
        features: ['text', 'label'],
        num_rows: 5920
    })
    test: Dataset({
        features: ['text', 'label'],
        num_rows: 11843
    })
})
sub-register mapping
filtering
train 40456
test 11561
dev 5780
binarization
tokenization
huggingface/tokenizers: The current process just got forked, after parallelism has already been used. Disabling parallelism to avoid deadlocks...
To disable this warning, you can either:
	- Avoid using `tokenizers` before the fork if possible
	- Explicitly set the environment variable TOKENIZERS_PARALLELISM=(true | false)
[('IN', tensor(2.4753, device='cuda:0')), ('NA', tensor(1.4243, device='cuda:0')), ('HI', tensor(0.4468, device='cuda:0')), ('LY', tensor(1.9104, device='cuda:0')), ('IP', tensor(9.0627, device='cuda:0')), ('SP', tensor(0.2538, device='cuda:0')), ('ID', tensor(0.5443, device='cuda:0')), ('OP', tensor(3.7335, device='cuda:0')), ('QA_NEW', tensor(23.8257, device='cuda:0'))]
9
training
huggingface/tokenizers: The current process just got forked, after parallelism has already been used. Disabling parallelism to avoid deadlocks...
To disable this warning, you can either:
	- Avoid using `tokenizers` before the fork if possible
	- Explicitly set the environment variable TOKENIZERS_PARALLELISM=(true | false)
huggingface/tokenizers: The current process just got forked, after parallelism has already been used. Disabling parallelism to avoid deadlocks...
To disable this warning, you can either:
	- Avoid using `tokenizers` before the fork if possible
	- Explicitly set the environment variable TOKENIZERS_PARALLELISM=(true | false)
huggingface/tokenizers: The current process just got forked, after parallelism has already been used. Disabling parallelism to avoid deadlocks...
To disable this warning, you can either:
	- Avoid using `tokenizers` before the fork if possible
	- Explicitly set the environment variable TOKENIZERS_PARALLELISM=(true | false)
huggingface/tokenizers: The current process just got forked, after parallelism has already been used. Disabling parallelism to avoid deadlocks...
To disable this warning, you can either:
	- Avoid using `tokenizers` before the fork if possible
	- Explicitly set the environment variable TOKENIZERS_PARALLELISM=(true | false)
huggingface/tokenizers: The current process just got forked, after parallelism has already been used. Disabling parallelism to avoid deadlocks...
To disable this warning, you can either:
	- Avoid using `tokenizers` before the fork if possible
	- Explicitly set the environment variable TOKENIZERS_PARALLELISM=(true | false)
huggingface/tokenizers: The current process just got forked, after parallelism has already been used. Disabling parallelism to avoid deadlocks...
To disable this warning, you can either:
	- Avoid using `tokenizers` before the fork if possible
	- Explicitly set the environment variable TOKENIZERS_PARALLELISM=(true | false)
huggingface/tokenizers: The current process just got forked, after parallelism has already been used. Disabling parallelism to avoid deadlocks...
To disable this warning, you can either:
	- Avoid using `tokenizers` before the fork if possible
	- Explicitly set the environment variable TOKENIZERS_PARALLELISM=(true | false)
huggingface/tokenizers: The current process just got forked, after parallelism has already been used. Disabling parallelism to avoid deadlocks...
To disable this warning, you can either:
	- Avoid using `tokenizers` before the fork if possible
	- Explicitly set the environment variable TOKENIZERS_PARALLELISM=(true | false)
huggingface/tokenizers: The current process just got forked, after parallelism has already been used. Disabling parallelism to avoid deadlocks...
To disable this warning, you can either:
	- Avoid using `tokenizers` before the fork if possible
	- Explicitly set the environment variable TOKENIZERS_PARALLELISM=(true | false)
{'loss': 0.4433, 'learning_rate': 7.802254300968954e-06, 'epoch': 0.1}
              precision    recall  f1-score   support

          IN       0.00      0.00      0.00       252
          NA       0.00      0.00      0.00       454
          HI       0.00      0.00      0.00      1444
          LY       0.00      0.00      0.00       331
          IP       0.00      0.00      0.00        69
          SP       0.00      0.00      0.00      2534
          ID       0.00      0.00      0.00      1167
          OP       0.00      0.00      0.00       171
      QA_NEW       0.00      0.00      0.00        81

   micro avg       0.00      0.00      0.00      6503
   macro avg       0.00      0.00      0.00      6503
weighted avg       0.00      0.00      0.00      6503
 samples avg       0.00      0.00      0.00      6503

{'eval_loss': 0.3936055302619934, 'eval_f1': 0.0, 'eval_precision': 0.0, 'eval_recall': 0.0, 'eval_roc_auc': 0.5, 'eval_accuracy': 0.010034602076124567, 'eval_runtime': 55.0878, 'eval_samples_per_second': 104.923, 'eval_steps_per_second': 3.286, 'epoch': 0.1}
{'loss': 0.3644, 'learning_rate': 7.604508601937907e-06, 'epoch': 0.2}
              precision    recall  f1-score   support

          IN       0.72      0.15      0.25       252
          NA       0.73      0.65      0.69       454
          HI       0.00      0.00      0.00      1444
          LY       0.88      0.18      0.29       331
          IP       0.88      0.83      0.85        69
          SP       0.00      0.00      0.00      2534
          ID       0.00      0.00      0.00      1167
          OP       0.78      0.43      0.55       171
      QA_NEW       0.00      0.00      0.00        81

   micro avg       0.72      0.08      0.14      6503
   macro avg       0.44      0.25      0.29      6503
weighted avg       0.15      0.08      0.10      6503
 samples avg       0.07      0.07      0.07      6503

{'eval_loss': 0.2916199862957001, 'eval_f1': 0.14461495921471035, 'eval_precision': 0.7164383561643836, 'eval_recall': 0.08042441949869292, 'eval_roc_auc': 0.5379383340545512, 'eval_accuracy': 0.06920415224913495, 'eval_runtime': 55.272, 'eval_samples_per_second': 104.574, 'eval_steps_per_second': 3.275, 'epoch': 0.2}
{'loss': 0.287, 'learning_rate': 7.406762902906862e-06, 'epoch': 0.3}
              precision    recall  f1-score   support

          IN       0.69      0.36      0.47       252
          NA       0.75      0.73      0.74       454
          HI       0.91      0.12      0.21      1444
          LY       0.86      0.31      0.46       331
          IP       0.88      0.81      0.84        69
          SP       0.89      0.55      0.68      2534
          ID       0.78      0.04      0.07      1167
          OP       0.65      0.54      0.59       171
      QA_NEW       0.78      0.35      0.48        81

   micro avg       0.84      0.36      0.50      6503
   macro avg       0.80      0.42      0.50      6503
weighted avg       0.85      0.36      0.45      6503
 samples avg       0.38      0.37      0.37      6503

{'eval_loss': 0.2406148612499237, 'eval_f1': 0.4992435703479576, 'eval_precision': 0.8396946564885496, 'eval_recall': 0.35522066738428415, 'eval_roc_auc': 0.6727659898206215, 'eval_accuracy': 0.34913494809688583, 'eval_runtime': 55.9969, 'eval_samples_per_second': 103.22, 'eval_steps_per_second': 3.232, 'epoch': 0.3}
{'loss': 0.2309, 'learning_rate': 7.209017203875816e-06, 'epoch': 0.4}
              precision    recall  f1-score   support

          IN       0.79      0.31      0.44       252
          NA       0.87      0.63      0.73       454
          HI       0.89      0.27      0.42      1444
          LY       0.72      0.44      0.55       331
          IP       0.82      0.84      0.83        69
          SP       0.87      0.64      0.74      2534
          ID       0.92      0.01      0.02      1167
          OP       0.65      0.51      0.57       171
      QA_NEW       0.71      0.42      0.53        81

   micro avg       0.85      0.42      0.56      6503
   macro avg       0.80      0.45      0.54      6503
weighted avg       0.87      0.42      0.51      6503
 samples avg       0.45      0.43      0.44      6503

{'eval_loss': 0.2461143583059311, 'eval_f1': 0.5583651563628858, 'eval_precision': 0.8490269930947897, 'eval_recall': 0.4159618637551899, 'eval_roc_auc': 0.7026971917365487, 'eval_accuracy': 0.408477508650519, 'eval_runtime': 54.7271, 'eval_samples_per_second': 105.615, 'eval_steps_per_second': 3.307, 'epoch': 0.4}
{'loss': 0.2233, 'learning_rate': 7.011271504844769e-06, 'epoch': 0.49}
              precision    recall  f1-score   support

          IN       0.60      0.64      0.62       252
          NA       0.93      0.63      0.75       454
          HI       0.84      0.41      0.55      1444
          LY       0.70      0.48      0.57       331
          IP       0.90      0.81      0.85        69
          SP       0.87      0.66      0.75      2534
          ID       0.69      0.41      0.51      1167
          OP       0.81      0.50      0.62       171
      QA_NEW       0.54      0.68      0.60        81

   micro avg       0.81      0.55      0.65      6503
   macro avg       0.76      0.58      0.65      6503
weighted avg       0.81      0.55      0.65      6503
 samples avg       0.60      0.57      0.58      6503

{'eval_loss': 0.2078341245651245, 'eval_f1': 0.6524172094303275, 'eval_precision': 0.8085493406093679, 'eval_recall': 0.5468245425188375, 'eval_roc_auc': 0.7641629797859033, 'eval_accuracy': 0.5347750865051903, 'eval_runtime': 54.7948, 'eval_samples_per_second': 105.484, 'eval_steps_per_second': 3.303, 'epoch': 0.49}
{'loss': 0.2071, 'learning_rate': 6.813525805813723e-06, 'epoch': 0.59}
              precision    recall  f1-score   support

          IN       0.58      0.63      0.61       252
          NA       0.92      0.55      0.69       454
          HI       0.89      0.31      0.46      1444
          LY       0.62      0.54      0.58       331
          IP       0.80      0.86      0.83        69
          SP       0.85      0.70      0.77      2534
          ID       0.73      0.38      0.50      1167
          OP       0.79      0.54      0.64       171
      QA_NEW       0.58      0.65      0.61        81

   micro avg       0.80      0.53      0.64      6503
   macro avg       0.75      0.57      0.63      6503
weighted avg       0.81      0.53      0.62      6503
 samples avg       0.58      0.55      0.56      6503

{'eval_loss': 0.21311026811599731, 'eval_f1': 0.6388760513910713, 'eval_precision': 0.8007414272474513, 'eval_recall': 0.5314470244502537, 'eval_roc_auc': 0.7562764924303249, 'eval_accuracy': 0.5224913494809689, 'eval_runtime': 59.6441, 'eval_samples_per_second': 96.908, 'eval_steps_per_second': 3.035, 'epoch': 0.59}
{'loss': 0.211, 'learning_rate': 6.615780106782678e-06, 'epoch': 0.69}
              precision    recall  f1-score   support

          IN       0.52      0.69      0.59       252
          NA       0.90      0.62      0.74       454
          HI       0.82      0.44      0.57      1444
          LY       0.58      0.61      0.59       331
          IP       0.86      0.86      0.86        69
          SP       0.91      0.56      0.70      2534
          ID       0.74      0.39      0.51      1167
          OP       0.67      0.56      0.61       171
      QA_NEW       0.57      0.73      0.64        81

   micro avg       0.79      0.52      0.63      6503
   macro avg       0.73      0.61      0.64      6503
weighted avg       0.82      0.52      0.63      6503
 samples avg       0.57      0.54      0.55      6503

{'eval_loss': 0.199523463845253, 'eval_f1': 0.6293615441722346, 'eval_precision': 0.7935876433419143, 'eval_recall': 0.5214516377056743, 'eval_roc_auc': 0.7510371311097962, 'eval_accuracy': 0.5044982698961937, 'eval_runtime': 55.7871, 'eval_samples_per_second': 103.608, 'eval_steps_per_second': 3.244, 'epoch': 0.69}
{'loss': 0.1978, 'learning_rate': 6.418034407751631e-06, 'epoch': 0.79}
              precision    recall  f1-score   support

          IN       0.55      0.65      0.60       252
          NA       0.82      0.73      0.77       454
          HI       0.76      0.56      0.65      1444
          LY       0.67      0.55      0.60       331
          IP       0.91      0.87      0.89        69
          SP       0.95      0.40      0.57      2534
          ID       0.80      0.34      0.47      1167
          OP       0.49      0.65      0.56       171
      QA_NEW       0.54      0.70      0.61        81

   micro avg       0.78      0.48      0.60      6503
   macro avg       0.72      0.61      0.64      6503
weighted avg       0.83      0.48      0.59      6503
 samples avg       0.51      0.50      0.50      6503

{'eval_loss': 0.2003857046365738, 'eval_f1': 0.5961941008563274, 'eval_precision': 0.7818817070127277, 'eval_recall': 0.4817776410887283, 'eval_roc_auc': 0.7312880120552282, 'eval_accuracy': 0.4544982698961938, 'eval_runtime': 54.8609, 'eval_samples_per_second': 105.357, 'eval_steps_per_second': 3.299, 'epoch': 0.79}
{'loss': 0.229, 'learning_rate': 6.220288708720585e-06, 'epoch': 0.89}
              precision    recall  f1-score   support

          IN       0.67      0.54      0.59       252
          NA       0.74      0.78      0.76       454
          HI       0.79      0.53      0.63      1444
          LY       0.69      0.53      0.60       331
          IP       0.94      0.86      0.89        69
          SP       0.89      0.66      0.76      2534
          ID       0.74      0.45      0.56      1167
          OP       0.62      0.61      0.62       171
      QA_NEW       0.47      0.78      0.59        81

   micro avg       0.79      0.60      0.68      6503
   macro avg       0.73      0.64      0.67      6503
weighted avg       0.80      0.60      0.68      6503
 samples avg       0.65      0.61      0.62      6503

{'eval_loss': 0.18382148444652557, 'eval_f1': 0.6804395604395604, 'eval_precision': 0.7943349753694581, 'eval_recall': 0.5951099492541904, 'eval_roc_auc': 0.7865480980754771, 'eval_accuracy': 0.5693771626297578, 'eval_runtime': 54.9133, 'eval_samples_per_second': 105.257, 'eval_steps_per_second': 3.296, 'epoch': 0.89}
{'loss': 0.199, 'learning_rate': 6.022543009689539e-06, 'epoch': 0.99}
              precision    recall  f1-score   support

          IN       0.50      0.73      0.59       252
          NA       0.88      0.67      0.76       454
          HI       0.83      0.49      0.61      1444
          LY       0.78      0.48      0.59       331
          IP       0.91      0.86      0.88        69
          SP       0.91      0.63      0.74      2534
          ID       0.80      0.32      0.46      1167
          OP       0.57      0.63      0.60       171
      QA_NEW       0.54      0.70      0.61        81

   micro avg       0.81      0.55      0.65      6503
   macro avg       0.75      0.61      0.65      6503
weighted avg       0.83      0.55      0.65      6503
 samples avg       0.59      0.57      0.57      6503

{'eval_loss': 0.18930144608020782, 'eval_f1': 0.6540301803459698, 'eval_precision': 0.8142038946162657, 'eval_recall': 0.5465169921574657, 'eval_roc_auc': 0.7643497367140999, 'eval_accuracy': 0.5240484429065744, 'eval_runtime': 58.0544, 'eval_samples_per_second': 99.562, 'eval_steps_per_second': 3.118, 'epoch': 0.99}
{'loss': 0.195, 'learning_rate': 5.824797310658493e-06, 'epoch': 1.09}
              precision    recall  f1-score   support

          IN       0.58      0.67      0.62       252
          NA       0.86      0.68      0.76       454
          HI       0.84      0.44      0.58      1444
          LY       0.79      0.44      0.57       331
          IP       0.88      0.84      0.86        69
          SP       0.91      0.61      0.73      2534
          ID       0.73      0.46      0.56      1167
          OP       0.64      0.63      0.64       171
      QA_NEW       0.47      0.78      0.59        81

   micro avg       0.81      0.55      0.66      6503
   macro avg       0.74      0.62      0.66      6503
weighted avg       0.83      0.55      0.65      6503
 samples avg       0.60      0.57      0.58      6503

{'eval_loss': 0.18015554547309875, 'eval_f1': 0.6564647667918996, 'eval_precision': 0.8122448979591836, 'eval_recall': 0.5508226972166692, 'eval_roc_auc': 0.7663158458291531, 'eval_accuracy': 0.5361591695501731, 'eval_runtime': 58.8958, 'eval_samples_per_second': 98.139, 'eval_steps_per_second': 3.073, 'epoch': 1.09}
{'loss': 0.186, 'learning_rate': 5.627051611627447e-06, 'epoch': 1.19}
              precision    recall  f1-score   support

          IN       0.56      0.70      0.62       252
          NA       0.71      0.82      0.76       454
          HI       0.83      0.46      0.59      1444
          LY       0.62      0.60      0.61       331
          IP       0.86      0.87      0.86        69
          SP       0.90      0.63      0.74      2534
          ID       0.78      0.37      0.51      1167
          OP       0.50      0.69      0.58       171
      QA_NEW       0.58      0.69      0.63        81

   micro avg       0.78      0.56      0.66      6503
   macro avg       0.70      0.65      0.66      6503
weighted avg       0.81      0.56      0.65      6503
 samples avg       0.60      0.58      0.58      6503

{'eval_loss': 0.18569530546665192, 'eval_f1': 0.6551569907862956, 'eval_precision': 0.783147989734816, 'eval_recall': 0.5631247116715362, 'eval_roc_auc': 0.7704236604032924, 'eval_accuracy': 0.5335640138408304, 'eval_runtime': 60.4903, 'eval_samples_per_second': 95.553, 'eval_steps_per_second': 2.992, 'epoch': 1.19}
{'loss': 0.1704, 'learning_rate': 5.429305912596401e-06, 'epoch': 1.29}
              precision    recall  f1-score   support

          IN       0.62      0.62      0.62       252
          NA       0.82      0.74      0.78       454
          HI       0.78      0.54      0.64      1444
          LY       0.81      0.43      0.56       331
          IP       0.90      0.87      0.88        69
          SP       0.94      0.51      0.66      2534
          ID       0.70      0.53      0.61      1167
          OP       0.55      0.66      0.60       171
      QA_NEW       0.62      0.70      0.66        81

   micro avg       0.80      0.55      0.65      6503
   macro avg       0.75      0.62      0.67      6503
weighted avg       0.82      0.55      0.65      6503
 samples avg       0.59      0.56      0.57      6503

{'eval_loss': 0.198808953166008, 'eval_f1': 0.6499544211485871, 'eval_precision': 0.7980747705395119, 'eval_recall': 0.54820851914501, 'eval_roc_auc': 0.764195873694701, 'eval_accuracy': 0.5242214532871973, 'eval_runtime': 54.832, 'eval_samples_per_second': 105.413, 'eval_steps_per_second': 3.301, 'epoch': 1.29}
{'loss': 0.1835, 'learning_rate': 5.231560213565354e-06, 'epoch': 1.38}
              precision    recall  f1-score   support

          IN       0.62      0.61      0.61       252
          NA       0.86      0.72      0.79       454
          HI       0.85      0.47      0.60      1444
          LY       0.83      0.43      0.56       331
          IP       0.94      0.86      0.89        69
          SP       0.91      0.64      0.75      2534
          ID       0.75      0.41      0.53      1167
          OP       0.82      0.57      0.67       171
      QA_NEW       0.58      0.77      0.66        81

   micro avg       0.84      0.56      0.67      6503
   macro avg       0.80      0.61      0.67      6503
weighted avg       0.84      0.56      0.66      6503
 samples avg       0.61      0.58      0.59      6503

{'eval_loss': 0.191592738032341, 'eval_f1': 0.6685788304959289, 'eval_precision': 0.8392566782810685, 'eval_recall': 0.5555897278179301, 'eval_roc_auc': 0.7701933084461711, 'eval_accuracy': 0.5453287197231834, 'eval_runtime': 59.4141, 'eval_samples_per_second': 97.283, 'eval_steps_per_second': 3.046, 'epoch': 1.38}
{'train_runtime': 4468.5919, 'train_samples_per_second': 36.214, 'train_steps_per_second': 4.527, 'train_loss': 0.23770380183628628, 'epoch': 1.38}
              precision    recall  f1-score   support

          IN       0.72      0.55      0.63       528
          NA       0.79      0.81      0.80       917
          HI       0.80      0.54      0.65      2899
          LY       0.70      0.54      0.61       652
          IP       0.93      0.83      0.88       140
          SP       0.90      0.67      0.77      5018
          ID       0.74      0.44      0.55      2366
          OP       0.64      0.67      0.66       348
      QA_NEW       0.50      0.77      0.60       164

   micro avg       0.81      0.60      0.69     13032
   macro avg       0.75      0.65      0.68     13032
weighted avg       0.81      0.60      0.69     13032
 samples avg       0.65      0.62      0.63     13032

huggingface/tokenizers: The current process just got forked, after parallelism has already been used. Disabling parallelism to avoid deadlocks...
To disable this warning, you can either:
	- Avoid using `tokenizers` before the fork if possible
	- Explicitly set the environment variable TOKENIZERS_PARALLELISM=(true | false)
huggingface/tokenizers: The current process just got forked, after parallelism has already been used. Disabling parallelism to avoid deadlocks...
To disable this warning, you can either:
	- Avoid using `tokenizers` before the fork if possible
	- Explicitly set the environment variable TOKENIZERS_PARALLELISM=(true | false)
F1: 0.6901464186782748
saved
END: ke 21.6.2023 10.26.14 +0300
