START: pe 18.8.2023 14.45.37 +0300
Namespace(train_set=['data/CORE-corpus/train.tsv.gz', 'data/FinCORE_full/train.tsv', 'data/SweCORE/swe_train.tsv', 'data/FreCORE/fre_train.tsv'], dev_set=['data/CORE-corpus/dev.tsv.gz', 'data/FinCORE_full/dev.tsv', 'data/SweCORE/swe_dev.tsv', 'data/FreCORE/fre_dev.tsv'], test_set=['data/CORE-corpus/test.tsv.gz', 'data/FinCORE_full/test.tsv', 'data/SweCORE/swe_test.tsv', 'data/FreCORE/fre_test.tsv'], model='xlm-roberta-base', batch=8, epochs=10, learning=4e-06, save=True, save_name='register-qa-binary-4e-6', weights=True)
DatasetDict({
    train: Dataset({
        features: ['text', 'label'],
        num_rows: 45597
    })
    dev: Dataset({
        features: ['text', 'label'],
        num_rows: 7609
    })
    test: Dataset({
        features: ['text', 'label'],
        num_rows: 14377
    })
})
sub-register mapping
filtering
total train 44313
total test 13915
total dev 7349
change labels to only qa
[0, 0, 0, 0, 0, 0, 0, 0, 0, 0]
qa in train 1261
qa in dev 195
qa in test 376
tokenization
